                                                                                     
                              ABACUS v3.6.0

               Atomic-orbital Based Ab-initio Computation at UStc                    

                     Website: http://abacus.ustc.edu.cn/                             
               Documentation: https://abacus.deepmodeling.com/                       
                  Repository: https://github.com/abacusmodeling/abacus-develop       
                              https://github.com/deepmodeling/abacus-develop         
                      Commit: unknown

    Start Time is Mon Jun 17 07:07:40 2024
                                                                                     
 ------------------------------------------------------------------------------------

 READING GENERAL INFORMATION
                           global_out_dir = OUT.ABACUS/
                           global_in_card = INPUT
                               pseudo_dir = 
                              orbital_dir = 
                                    DRANK = 1
                                    DSIZE = 4
                                   DCOLOR = 1
                                    GRANK = 1
                                    GSIZE = 1
 The esolver type has been set to : ksdft_lcao

 RUNNING WITH DEVICE  : CPU / 13th Gen Intel(R) Core(TM) i9-13900K




 >>>>>>>>>>>>>>>>>>>>>>>>>>>>>>>>>>>>>>>>>>>>>>>>>>>>>>>>>>>>>>>>>>>>>>
 |                                                                    |
 | Reading atom information in unitcell:                              |
 | From the input file and the structure file we know the number of   |
 | different elments in this unitcell, then we list the detail        |
 | information for each element, especially the zeta and polar atomic |
 | orbital number for each element. The total atom number is counted. |
 | We calculate the nearest atom distance for each atom and show the  |
 | Cartesian and Direct coordinates for each atom. We list the file   |
 | address for atomic orbitals. The volume and the lattice vectors    |
 | in real and reciprocal space is also shown.                        |
 |                                                                    |
 <<<<<<<<<<<<<<<<<<<<<<<<<<<<<<<<<<<<<<<<<<<<<<<<<<<<<<<<<<<<<<<<<<<<<<




 READING UNITCELL INFORMATION
                                    ntype = 2
                  lattice constant (Bohr) = 1.88973
              lattice constant (Angstrom) = 1

 READING ATOM TYPE 1
                               atom label = Hf
                      L=0, number of zeta = 4
                      L=1, number of zeta = 2
                      L=2, number of zeta = 2
                      L=3, number of zeta = 2
                      L=4, number of zeta = 1
             number of atom for this type = 32

 READING ATOM TYPE 2
                               atom label = O
                      L=0, number of zeta = 2
                      L=1, number of zeta = 2
                      L=2, number of zeta = 1
             number of atom for this type = 64

                        TOTAL ATOM NUMBER = 96
DIRECT COORDINATES
   atom           x                y                z           mag          vx               vy               vz       
taud_Hf1       0.1231409719     0.1155105394     0.2670840935 +0.0000     0.0000000000     0.0000000000     0.0000000000
taud_Hf2       0.1231409719     0.1155105394     0.7670840935 +0.0000     0.0000000000     0.0000000000     0.0000000000
taud_Hf3       0.6231409719     0.1155105394     0.2670840935 +0.0000     0.0000000000     0.0000000000     0.0000000000
taud_Hf4       0.6231409719     0.1155105394     0.7670840935 +0.0000     0.0000000000     0.0000000000     0.0000000000
taud_Hf5       0.3768590281     0.8844894606     0.2329159065 +0.0000     0.0000000000     0.0000000000     0.0000000000
taud_Hf6       0.3768590281     0.8844894606     0.7329159065 +0.0000     0.0000000000     0.0000000000     0.0000000000
taud_Hf7       0.8768590281     0.8844894606     0.2329159065 +0.0000     0.0000000000     0.0000000000     0.0000000000
taud_Hf8       0.8768590281     0.8844894606     0.7329159065 +0.0000     0.0000000000     0.0000000000     0.0000000000
taud_Hf9       0.1268590281     0.8844894606     0.0170840935 +0.0000     0.0000000000     0.0000000000     0.0000000000
taud_Hf10      0.1268590281     0.8844894606     0.5170840935 +0.0000     0.0000000000     0.0000000000     0.0000000000
taud_Hf11      0.6268590281     0.8844894606     0.0170840935 +0.0000     0.0000000000     0.0000000000     0.0000000000
taud_Hf12      0.6268590281     0.8844894606     0.5170840935 +0.0000     0.0000000000     0.0000000000     0.0000000000
taud_Hf13      0.3731409719     0.1155105394     0.4829159065 +0.0000     0.0000000000     0.0000000000     0.0000000000
taud_Hf14      0.3731409719     0.1155105394     0.9829159065 +0.0000     0.0000000000     0.0000000000     0.0000000000
taud_Hf15      0.8731409719     0.1155105394     0.4829159065 +0.0000     0.0000000000     0.0000000000     0.0000000000
taud_Hf16      0.8731409719     0.1155105394     0.9829159065 +0.0000     0.0000000000     0.0000000000     0.0000000000
taud_Hf17      0.3731409719     0.3844894606     0.2329159065 +0.0000     0.0000000000     0.0000000000     0.0000000000
taud_Hf18      0.3731409719     0.3844894606     0.7329159065 +0.0000     0.0000000000     0.0000000000     0.0000000000
taud_Hf19      0.8731409719     0.3844894606     0.2329159065 +0.0000     0.0000000000     0.0000000000     0.0000000000
taud_Hf20      0.8731409719     0.3844894606     0.7329159065 +0.0000     0.0000000000     0.0000000000     0.0000000000
taud_Hf21      0.1268590281     0.6155105394     0.2670840935 +0.0000     0.0000000000     0.0000000000     0.0000000000
taud_Hf22      0.1268590281     0.6155105394     0.7670840935 +0.0000     0.0000000000     0.0000000000     0.0000000000
taud_Hf23      0.6268590281     0.6155105394     0.2670840935 +0.0000     0.0000000000     0.0000000000     0.0000000000
taud_Hf24      0.6268590281     0.6155105394     0.7670840935 +0.0000     0.0000000000     0.0000000000     0.0000000000
taud_Hf25      0.3768590281     0.6155105394     0.4829159065 +0.0000     0.0000000000     0.0000000000     0.0000000000
taud_Hf26      0.3768590281     0.6155105394     0.9829159065 +0.0000     0.0000000000     0.0000000000     0.0000000000
taud_Hf27      0.8768590281     0.6155105394     0.4829159065 +0.0000     0.0000000000     0.0000000000     0.0000000000
taud_Hf28      0.8768590281     0.6155105394     0.9829159065 +0.0000     0.0000000000     0.0000000000     0.0000000000
taud_Hf29      0.1231409719     0.3844894606     0.0170840935 +0.0000     0.0000000000     0.0000000000     0.0000000000
taud_Hf30      0.1231409719     0.3844894606     0.5170840935 +0.0000     0.0000000000     0.0000000000     0.0000000000
taud_Hf31      0.6231409719     0.3844894606     0.0170840935 +0.0000     0.0000000000     0.0000000000     0.0000000000
taud_Hf32      0.6231409719     0.3844894606     0.5170840935 +0.0000     0.0000000000     0.0000000000     0.0000000000
taud_O1        0.0014947047     0.0226325927     0.1191814266 +0.0000     0.0000000000     0.0000000000     0.0000000000
taud_O2        0.0014947047     0.0226325927     0.6191814266 +0.0000     0.0000000000     0.0000000000     0.0000000000
taud_O3        0.5014947047     0.0226325927     0.1191814266 +0.0000     0.0000000000     0.0000000000     0.0000000000
taud_O4        0.5014947047     0.0226325927     0.6191814266 +0.0000     0.0000000000     0.0000000000     0.0000000000
taud_O5        0.4985052953     0.9773674073     0.3808185734 +0.0000     0.0000000000     0.0000000000     0.0000000000
taud_O6        0.4985052953     0.9773674073     0.8808185734 +0.0000     0.0000000000     0.0000000000     0.0000000000
taud_O7        0.9985052953     0.9773674073     0.3808185734 +0.0000     0.0000000000     0.0000000000     0.0000000000
taud_O8        0.9985052953     0.9773674073     0.8808185734 +0.0000     0.0000000000     0.0000000000     0.0000000000
taud_O9        0.2485052953     0.9773674073     0.3691814266 +0.0000     0.0000000000     0.0000000000     0.0000000000
taud_O10       0.2485052953     0.9773674073     0.8691814266 +0.0000     0.0000000000     0.0000000000     0.0000000000
taud_O11       0.7485052953     0.9773674073     0.3691814266 +0.0000     0.0000000000     0.0000000000     0.0000000000
taud_O12       0.7485052953     0.9773674073     0.8691814266 +0.0000     0.0000000000     0.0000000000     0.0000000000
taud_O13       0.2514947047     0.0226325927     0.1308185734 +0.0000     0.0000000000     0.0000000000     0.0000000000
taud_O14       0.2514947047     0.0226325927     0.6308185734 +0.0000     0.0000000000     0.0000000000     0.0000000000
taud_O15       0.7514947047     0.0226325927     0.1308185734 +0.0000     0.0000000000     0.0000000000     0.0000000000
taud_O16       0.7514947047     0.0226325927     0.6308185734 +0.0000     0.0000000000     0.0000000000     0.0000000000
taud_O17       0.2514947047     0.4773674073     0.3808185734 +0.0000     0.0000000000     0.0000000000     0.0000000000
taud_O18       0.2514947047     0.4773674073     0.8808185734 +0.0000     0.0000000000     0.0000000000     0.0000000000
taud_O19       0.7514947047     0.4773674073     0.3808185734 +0.0000     0.0000000000     0.0000000000     0.0000000000
taud_O20       0.7514947047     0.4773674073     0.8808185734 +0.0000     0.0000000000     0.0000000000     0.0000000000
taud_O21       0.2485052953     0.5226325927     0.1191814266 +0.0000     0.0000000000     0.0000000000     0.0000000000
taud_O22       0.2485052953     0.5226325927     0.6191814266 +0.0000     0.0000000000     0.0000000000     0.0000000000
taud_O23       0.7485052953     0.5226325927     0.1191814266 +0.0000     0.0000000000     0.0000000000     0.0000000000
taud_O24       0.7485052953     0.5226325927     0.6191814266 +0.0000     0.0000000000     0.0000000000     0.0000000000
taud_O25       0.4985052953     0.5226325927     0.1308185734 +0.0000     0.0000000000     0.0000000000     0.0000000000
taud_O26       0.4985052953     0.5226325927     0.6308185734 +0.0000     0.0000000000     0.0000000000     0.0000000000
taud_O27       0.9985052953     0.5226325927     0.1308185734 +0.0000     0.0000000000     0.0000000000     0.0000000000
taud_O28       0.9985052953     0.5226325927     0.6308185734 +0.0000     0.0000000000     0.0000000000     0.0000000000
taud_O29       0.0014947047     0.4773674073     0.3691814266 +0.0000     0.0000000000     0.0000000000     0.0000000000
taud_O30       0.0014947047     0.4773674073     0.8691814266 +0.0000     0.0000000000     0.0000000000     0.0000000000
taud_O31       0.5014947047     0.4773674073     0.3691814266 +0.0000     0.0000000000     0.0000000000     0.0000000000
taud_O32       0.5014947047     0.4773674073     0.8691814266 +0.0000     0.0000000000     0.0000000000     0.0000000000
taud_O33       0.0644984927     0.7089330943     0.4379067349 +0.0000     0.0000000000     0.0000000000     0.0000000000
taud_O34       0.0644984927     0.7089330943     0.9379067349 +0.0000     0.0000000000     0.0000000000     0.0000000000
taud_O35       0.5644984927     0.7089330943     0.4379067349 +0.0000     0.0000000000     0.0000000000     0.0000000000
taud_O36       0.5644984927     0.7089330943     0.9379067349 +0.0000     0.0000000000     0.0000000000     0.0000000000
taud_O37       0.4355015073     0.2910669057     0.0620932651 +0.0000     0.0000000000     0.0000000000     0.0000000000
taud_O38       0.4355015073     0.2910669057     0.5620932651 +0.0000     0.0000000000     0.0000000000     0.0000000000
taud_O39       0.9355015073     0.2910669057     0.0620932651 +0.0000     0.0000000000     0.0000000000     0.0000000000
taud_O40       0.9355015073     0.2910669057     0.5620932651 +0.0000     0.0000000000     0.0000000000     0.0000000000
taud_O41       0.1855015073     0.2910669057     0.1879067349 +0.0000     0.0000000000     0.0000000000     0.0000000000
taud_O42       0.1855015073     0.2910669057     0.6879067349 +0.0000     0.0000000000     0.0000000000     0.0000000000
taud_O43       0.6855015073     0.2910669057     0.1879067349 +0.0000     0.0000000000     0.0000000000     0.0000000000
taud_O44       0.6855015073     0.2910669057     0.6879067349 +0.0000     0.0000000000     0.0000000000     0.0000000000
taud_O45       0.3144984927     0.7089330943     0.3120932651 +0.0000     0.0000000000     0.0000000000     0.0000000000
taud_O46       0.3144984927     0.7089330943     0.8120932651 +0.0000     0.0000000000     0.0000000000     0.0000000000
taud_O47       0.8144984927     0.7089330943     0.3120932651 +0.0000     0.0000000000     0.0000000000     0.0000000000
taud_O48       0.8144984927     0.7089330943     0.8120932651 +0.0000     0.0000000000     0.0000000000     0.0000000000
taud_O49       0.3144984927     0.7910669057     0.0620932651 +0.0000     0.0000000000     0.0000000000     0.0000000000
taud_O50       0.3144984927     0.7910669057     0.5620932651 +0.0000     0.0000000000     0.0000000000     0.0000000000
taud_O51       0.8144984927     0.7910669057     0.0620932651 +0.0000     0.0000000000     0.0000000000     0.0000000000
taud_O52       0.8144984927     0.7910669057     0.5620932651 +0.0000     0.0000000000     0.0000000000     0.0000000000
taud_O53       0.1855015073     0.2089330943     0.4379067349 +0.0000     0.0000000000     0.0000000000     0.0000000000
taud_O54       0.1855015073     0.2089330943     0.9379067349 +0.0000     0.0000000000     0.0000000000     0.0000000000
taud_O55       0.6855015073     0.2089330943     0.4379067349 +0.0000     0.0000000000     0.0000000000     0.0000000000
taud_O56       0.6855015073     0.2089330943     0.9379067349 +0.0000     0.0000000000     0.0000000000     0.0000000000
taud_O57       0.4355015073     0.2089330943     0.3120932651 +0.0000     0.0000000000     0.0000000000     0.0000000000
taud_O58       0.4355015073     0.2089330943     0.8120932651 +0.0000     0.0000000000     0.0000000000     0.0000000000
taud_O59       0.9355015073     0.2089330943     0.3120932651 +0.0000     0.0000000000     0.0000000000     0.0000000000
taud_O60       0.9355015073     0.2089330943     0.8120932651 +0.0000     0.0000000000     0.0000000000     0.0000000000
taud_O61       0.0644984927     0.7910669057     0.1879067349 +0.0000     0.0000000000     0.0000000000     0.0000000000
taud_O62       0.0644984927     0.7910669057     0.6879067349 +0.0000     0.0000000000     0.0000000000     0.0000000000
taud_O63       0.5644984927     0.7910669057     0.1879067349 +0.0000     0.0000000000     0.0000000000     0.0000000000
taud_O64       0.5644984927     0.7910669057     0.6879067349 +0.0000     0.0000000000     0.0000000000     0.0000000000


                          Volume (Bohr^3) = 7053.11
                             Volume (A^3) = 1045.16

 Lattice vectors: (Cartesian coordinate: in unit of a_0)
             +10.0666                  +0                  +0
                   +0            +9.96834                  +0
                   +0                  +0            +10.4155
 Reciprocal vectors: (Cartesian coordinate: in unit of 2 pi/a_0)
           +0.0993385                  -0                  +0
                   -0           +0.100318                  -0
                   +0                  -0          +0.0960111




 >>>>>>>>>>>>>>>>>>>>>>>>>>>>>>>>>>>>>>>>>>>>>>>>>>>>>>>>>>>>>>>>>>>>>>
 |                                                                    |
 | Reading pseudopotentials files:                                    |
 | The pseudopotential file is in UPF format. The 'NC' indicates that |
 | the type of pseudopotential is 'norm conserving'. Functional of    |
 | exchange and correlation is decided by 4 given parameters in UPF   |
 | file.  We also read in the 'core correction' if there exists.      |
 | Also we can read the valence electrons number and the maximal      |
 | angular momentum used in this pseudopotential. We also read in the |
 | trail wave function, trail atomic density and local-pseudopotential|
 | on logrithmic grid. The non-local pseudopotential projector is also|
 | read in if there is any.                                           |
 |                                                                    |
 <<<<<<<<<<<<<<<<<<<<<<<<<<<<<<<<<<<<<<<<<<<<<<<<<<<<<<<<<<<<<<<<<<<<<<




                PAO radial cut off (Bohr) = 15

 Read in pseudopotential file is /home/jinming/1step/Hf_ONCV_PBE-1.0.upf
                     pseudopotential type = NC
          exchange-correlation functional = PBE
                 nonlocal core correction = 0
                        valence electrons = 26
                                     lmax = 3
                           number of zeta = 0
                     number of projectors = 8
                           L of projector = 0
                           L of projector = 0
                           L of projector = 1
                           L of projector = 1
                           L of projector = 2
                           L of projector = 2
                           L of projector = 3
                           L of projector = 3
                PAO radial cut off (Bohr) = 15

 Read in pseudopotential file is /home/jinming/1step/O_ONCV_PBE-1.0.upf
                     pseudopotential type = NC
          exchange-correlation functional = PBE
                 nonlocal core correction = 0
                        valence electrons = 6
                                     lmax = 1
                           number of zeta = 0
                     number of projectors = 4
                           L of projector = 0
                           L of projector = 0
                           L of projector = 1
                           L of projector = 1
     initial pseudo atomic orbital number = 0
                                   NLOCAL = 2208

%%%%%%%%%%%%%%%%%%%%%%%%%%%%%%%%%%%%%%%%%%%%%%%%%%%%%%%%%%%%%%%%%%%%%%%%%%%%%%%%%%%%%%%%%%%%%%%%%%%%%%%%%%
 Warning: the number of valence electrons in pseudopotential > 4 for Hf: [Xe] 4f14 5d2 6s2
 Pseudopotentials with additional electrons can yield (more) accurate outcomes, but may be less efficient.
 If you're confident that your chosen pseudopotential is appropriate, you can safely ignore this warning.
%%%%%%%%%%%%%%%%%%%%%%%%%%%%%%%%%%%%%%%%%%%%%%%%%%%%%%%%%%%%%%%%%%%%%%%%%%%%%%%%%%%%%%%%%%%%%%%%%%%%%%%%%%
                  

 Warning_Memory_Consuming allocated:  FFT::grid 16.0217 MB




 >>>>>>>>>>>>>>>>>>>>>>>>>>>>>>>>>>>>>>>>>>>>>>>>>>>>>>>>>>>>>>>>>>>>>>
 |                                                                    |
 | Setup plane waves of charge/potential:                             |
 | Use the energy cutoff and the lattice vectors to generate the      |
 | dimensions of FFT grid. The number of FFT grid on each processor   |
 | is 'nrxx'. The number of plane wave basis in reciprocal space is   |
 | different for charege/potential and wave functions. We also set    |
 | the 'sticks' for the parallel of FFT. The number of plane waves    |
 | is 'npw' in each processor.                                        |
 <<<<<<<<<<<<<<<<<<<<<<<<<<<<<<<<<<<<<<<<<<<<<<<<<<<<<<<<<<<<<<<<<<<<<<





 SETUP THE PLANE WAVE BASIS
 energy cutoff for charge/potential (unit:Ry) = 400
            fft grid for charge/potential = [ 125, 120, 125 ]
                        fft grid division = [ 5, 5, 5 ]
        big fft grid for charge/potential = [ 25, 24, 25 ]
                                     nbxx = 4200
                                     nrxx = 525000

 SETUP PLANE WAVES FOR CHARGE/POTENTIAL
                    number of plane waves = 952931
                         number of sticks = 11407

 PARALLEL PW FOR CHARGE/POTENTIAL
     PROC   COLUMNS(POT)             PW
        1           2852         238234
        2           2852         238234
        3           2852         238232
        4           2851         238231
 --------------- sum -------------------
        4          11407         952931
                            number of |g| = 83981
                                  max |g| = 36.1823
                                  min |g| = 0.00986813

----------- Double Check Mixing Parameters Begin ------------
mixing_type: pulay
mixing_beta: 0.4
mixing_gg0: 1
mixing_gg0_min: 0.1
mixing_ndim: 8
----------- Double Check Mixing Parameters End ------------

 SETUP THE ELECTRONS NUMBER
            electron number of element Hf = 26
      total electron number of element Hf = 832
             electron number of element O = 6
       total electron number of element O = 384
            AUTOSET number of electrons:  = 1216
 DONE : SETUP UNITCELL Time : 0.0585778 (SEC)





 >>>>>>>>>>>>>>>>>>>>>>>>>>>>>>>>>>>>>>>>>>>>>>>>>>>>>>>>>>>>>>>>>>>>>>
 |                                                                    |
 | Setup K-points                                                     |
 | We setup the k-points according to input parameters.               |
 | The reduced k-points are set according to symmetry operations.     |
 | We treat the spin as another set of k-points.                      |
 |                                                                    |
 <<<<<<<<<<<<<<<<<<<<<<<<<<<<<<<<<<<<<<<<<<<<<<<<<<<<<<<<<<<<<<<<<<<<<<





 SETUP K-POINTS
                                    nspin = 1
                   Input type of k points = Monkhorst-Pack(Gamma)
                                   nkstot = 1
                               nkstot_ibz = 1
K-POINTS REDUCTION ACCORDING TO SYMMETRY
     IBZ     DIRECT_X     DIRECT_Y     DIRECT_Z WEIGHT ibz2bz
       1   0.00000000   0.00000000   0.00000000 1.0000 0     
                               nkstot now = 1
K-POINTS DIRECT COORDINATES
 KPOINTS     DIRECT_X     DIRECT_Y     DIRECT_Z WEIGHT
       1   0.00000000   0.00000000   0.00000000 1.0000

           k-point number in this process = 1
       minimum distributed K point number = 1

K-POINTS CARTESIAN COORDINATES
 KPOINTS  CARTESIAN_X  CARTESIAN_Y  CARTESIAN_Z WEIGHT
       1   0.00000000   0.00000000   0.00000000 2.0000

K-POINTS DIRECT COORDINATES
 KPOINTS     DIRECT_X     DIRECT_Y     DIRECT_Z WEIGHT
       1   0.00000000   0.00000000   0.00000000 2.0000
 DONE : INIT K-POINTS Time : 0.0595079 (SEC)





 >>>>>>>>>>>>>>>>>>>>>>>>>>>>>>>>>>>>>>>>>>>>>>>>>>>>>>>>>>>>>>>>>>>>>>
 |                                                                    |
 | Setup plane waves of wave functions:                               |
 | Use the energy cutoff and the lattice vectors to generate the      |
 | dimensions of FFT grid. The number of FFT grid on each processor   |
 | is 'nrxx'. The number of plane wave basis in reciprocal space is   |
 | different for charege/potential and wave functions. We also set    |
 | the 'sticks' for the parallel of FFT. The number of plane wave of  |
 | each k-point is 'npwk[ik]' in each processor                       |
 <<<<<<<<<<<<<<<<<<<<<<<<<<<<<<<<<<<<<<<<<<<<<<<<<<<<<<<<<<<<<<<<<<<<<<





 SETUP PLANE WAVES FOR WAVE FUNCTIONS
     energy cutoff for wavefunc (unit:Ry) = 100
              fft grid for wave functions = [ 125, 120, 125 ]
                    number of plane waves = 119177
                         number of sticks = 2851

 PARALLEL PW FOR WAVE FUNCTIONS
     PROC   COLUMNS(POT)             PW
        1            713          29795
        2            712          29794
        3            712          29794
        4            714          29794
 --------------- sum -------------------
        4           2851         119177
 DONE : INIT PLANEWAVE Time : 0.067851 (SEC)


 Warning_Memory_Consuming allocated:  SF::strucFac 7.27032 MB
                           occupied bands = 608
                                   NLOCAL = 2208
                                   NBANDS = 730
                                   NBANDS = 730
 SET NONLOCAL PSEUDOPOTENTIAL PROJECTORS
 SET NONLOCAL PSEUDOPOTENTIAL PROJECTORS
 max number of nonlocal projetors among all species is 8

 SETUP THE DIVISION OF H/S MATRIX
 divide the H&S matrix using 2D block algorithms.
                                     nb2d = 64
               global2local_row dimension = 2208
               global2local_col dimension = 2208

 Warning_Memory_Consuming allocated:  DensityMatrix::DMK 9.57031 MB
                                     nloc = 1254400

 -------------------------------------------
 STEP OF MOLECULAR DYNAMICS : 0
 -------------------------------------------
              searching radius is (Bohr)) = 14.01
         searching radius unit is (Bohr)) = 1.88973

 Warning_Memory_Consuming allocated:  LOC::DM 37.1953 MB
        enter setAlltoallvParameter, nblk = 64
                                     pnum = 0
                                     prow = 0
                                     pcol = 0
                             nRow_in_proc = 1120
                             nCol_in_proc = 1120
                                     pnum = 1
                                     prow = 0
                                     pcol = 1
                             nRow_in_proc = 1120
                             nCol_in_proc = 1088
                                     pnum = 2
                                     prow = 1
                                     pcol = 0
                             nRow_in_proc = 1088
                             nCol_in_proc = 1120
                                     pnum = 3
                                     prow = 1
                                     pcol = 1
                             nRow_in_proc = 1088
                             nCol_in_proc = 1088
receiver_size is 4875264 ; receiver_size of each process is:
1254400 1218560 1218560 1183744 
sender_size is 4779946 ; sender_size of each process is:
1254400 1207801 1149184 1168561 

 Warning_Memory_Consuming allocated:  LOC::A2A_receiv 74.3907 MB

 Warning_Memory_Consuming allocated:  LOC::A2A_sender 145.872 MB
                                 init_chg = atomic
 DONE : INIT SCF Time : 1.02946 (SEC)


 LCAO ALGORITHM --------------- ION=   1  ELEC=   1--------------------------------

K-S equation was solved by genelpa2

eigenvalues were copied to ekb

 Density error is 0.106005838808
------------------------------------------------------
  Energy         Rydberg                 eV         
------------------------------------------------------
E_KohnSham    -16369.0790365367   -222712.7459092496
E_Harris      -16387.6325983645   -222965.1800683024
E_Fermi            1.4233814012        19.3660974832
------------------------------------------------------

 LCAO ALGORITHM --------------- ION=   1  ELEC=   2--------------------------------

K-S equation was solved by genelpa2

eigenvalues were copied to ekb

 Density error is 0.0321513795884
------------------------------------------------------
  Energy         Rydberg                 eV         
------------------------------------------------------
E_KohnSham    -16376.0897629417   -222808.1317354770
E_Harris      -16466.2058714545   -224034.2242928373
E_Fermi            1.3716449672        18.6621871870
------------------------------------------------------

 LCAO ALGORITHM --------------- ION=   1  ELEC=   3--------------------------------

K-S equation was solved by genelpa2

eigenvalues were copied to ekb

 Density error is 0.0211438101107
------------------------------------------------------
  Energy         Rydberg                 eV         
------------------------------------------------------
E_KohnSham    -16376.0527119882   -222807.6276313928
E_Harris      -16396.4864447736   -223085.6428286828
E_Fermi            1.3644537459        18.5643456019
------------------------------------------------------

 LCAO ALGORITHM --------------- ION=   1  ELEC=   4--------------------------------

K-S equation was solved by genelpa2

eigenvalues were copied to ekb

 Density error is 0.00169927993487
------------------------------------------------------
  Energy         Rydberg                 eV         
------------------------------------------------------
E_KohnSham    -16376.0673496303   -222807.8267867307
E_Harris      -16378.8948968981   -222846.2975409364
E_Fermi            1.3528450489        18.4064011763
------------------------------------------------------

 LCAO ALGORITHM --------------- ION=   1  ELEC=   5--------------------------------

K-S equation was solved by genelpa2

eigenvalues were copied to ekb

 Density error is 0.000832974791771
------------------------------------------------------
  Energy         Rydberg                 eV         
------------------------------------------------------
E_KohnSham    -16376.0676802125   -222807.8312845316
E_Harris      -16370.3468324192   -222729.9951571526
E_Fermi            1.3546763669        18.4313175358
------------------------------------------------------

 LCAO ALGORITHM --------------- ION=   1  ELEC=   6--------------------------------

K-S equation was solved by genelpa2

eigenvalues were copied to ekb

 Density error is 0.000273594367073
------------------------------------------------------
  Energy         Rydberg                 eV         
------------------------------------------------------
E_KohnSham    -16376.0679333229   -222807.8347282761
E_Harris      -16374.4153945031   -222785.3507841597
E_Fermi            1.3568392121        18.4607445541
------------------------------------------------------

 LCAO ALGORITHM --------------- ION=   1  ELEC=   7--------------------------------

K-S equation was solved by genelpa2

eigenvalues were copied to ekb

 Density error is 0.000127326770831
------------------------------------------------------
  Energy         Rydberg                 eV         
------------------------------------------------------
E_KohnSham    -16376.0679442662   -222807.8348771667
E_Harris      -16375.7770093919   -222803.8765051300
E_Fermi            1.3569301349        18.4619816227
------------------------------------------------------

 LCAO ALGORITHM --------------- ION=   1  ELEC=   8--------------------------------

K-S equation was solved by genelpa2

eigenvalues were copied to ekb

 Density error is 1.35697630272e-05
------------------------------------------------------
  Energy         Rydberg                 eV         
------------------------------------------------------
E_KohnSham    -16376.0679470550   -222807.8349151104
E_Harris      -16375.9268041482   -222805.9145673456
E_Fermi            1.3571653482        18.4651818631
------------------------------------------------------

 LCAO ALGORITHM --------------- ION=   1  ELEC=   9--------------------------------

K-S equation was solved by genelpa2

eigenvalues were copied to ekb

 Density error is 7.61840850584e-06
------------------------------------------------------
  Energy         Rydberg                 eV         
------------------------------------------------------
E_KohnSham    -16376.0679470738   -222807.8349153657
E_Harris      -16376.0718500963   -222807.8880187118
E_Fermi            1.3572024890        18.4656871900
------------------------------------------------------

 LCAO ALGORITHM --------------- ION=   1  ELEC=  10--------------------------------

K-S equation was solved by genelpa2

eigenvalues were copied to ekb

 Density error is 6.62579063508e-07
----------------------------------------------------------
    Energy           Rydberg                 eV         
----------------------------------------------------------
E_KohnSham        -16376.0679471048   -222807.8349157873
E_KS(sigma->0)    -16376.0679471048   -222807.8349157873
E_Harris          -16376.0810432751   -222808.0130983254
E_band               357.2412888919      4860.5170897940
E_one_elec         -5334.9798875622    -72586.1251862448
E_Hartree           3945.5528013598     53681.9998583550
E_xc               -1688.4796106276    -22972.9436613573
E_Ewald           -13298.1612502747   -180930.7659265402
E_entropy(-TS)        -0.0000000000        -0.0000000000
E_descf                0.0000000000         0.0000000000
E_exx                  0.0000000000         0.0000000000
E_Fermi                1.3571876622        18.4654854609
----------------------------------------------------------

 charge density convergence is achieved
 final etot is -222807.83492 eV

 Warning_Memory_Consuming allocated:  Force::dS_GO 28.7109375 MB

 Warning_Memory_Consuming allocated:  Stress::dSH_GO 114.84375 MB

 Warning_Memory_Consuming allocated:  Force::dTVNL 28.7109375 MB
------------------------------------------------------------------------------------------
TOTAL-FORCE (eV/Angstrom)                                                               
------------------------------------------------------------------------------------------
Hf1                              -0.0472649136        -0.0116833035        -0.0592764843
Hf2                              -0.0480881327        -0.0114793093        -0.0588534697
Hf3                              -0.0482881741        -0.0114528816        -0.0601355328
Hf4                              -0.0474174702        -0.0117031999        -0.0579246321
Hf5                               0.0474174702         0.0117031999         0.0579246321
Hf6                               0.0482881741         0.0114528816         0.0601355327
Hf7                               0.0480881327         0.0114793093         0.0588534697
Hf8                               0.0472649136         0.0116833035         0.0592764843
Hf9                               0.0487473633         0.0113637339        -0.0602076540
Hf10                              0.0479331007         0.0120932402        -0.0581095640
Hf11                              0.0466776841         0.0112616049        -0.0594359856
Hf12                              0.0478063237         0.0116198887        -0.0589181723
Hf13                             -0.0478063237        -0.0116198887         0.0589181723
Hf14                             -0.0466776841        -0.0112616049         0.0594359856
Hf15                             -0.0479331007        -0.0120932402         0.0581095640
Hf16                             -0.0487473634        -0.0113637340         0.0602076541
Hf17                             -0.0472255342         0.0113955929         0.0588351736
Hf18                             -0.0471873601         0.0114042038         0.0591637715
Hf19                             -0.0483144504         0.0116991585         0.0578756178
Hf20                             -0.0482519576         0.0117085862         0.0601470264
Hf21                              0.0482519576        -0.0117085862        -0.0601470264
Hf22                              0.0483144504        -0.0116991585        -0.0578756178
Hf23                              0.0471873601        -0.0114042037        -0.0591637715
Hf24                              0.0472255342        -0.0113955929        -0.0588351736
Hf25                              0.0484186914        -0.0118086732         0.0585331867
Hf26                              0.0471982618        -0.0113332710         0.0598292246
Hf27                              0.0471990607        -0.0118073693         0.0583994722
Hf28                              0.0480122419        -0.0112474644         0.0597533488
Hf29                             -0.0480122418         0.0112474644        -0.0597533488
Hf30                             -0.0471990607         0.0118073693        -0.0583994722
Hf31                             -0.0471982618         0.0113332710        -0.0598292247
Hf32                             -0.0484186914         0.0118086732        -0.0585331867
O1                                0.0102139122         0.0487907342        -0.0147593248
O2                                0.0008394319         0.0616193946         0.0006636697
O3                               -0.0183082124         0.0561572043        -0.0115419937
O4                               -0.0099160551         0.0641596057        -0.0017486221
O5                                0.0099160551        -0.0641596057         0.0017486221
O6                                0.0183082124        -0.0561572043         0.0115419937
O7                               -0.0008394318        -0.0616193946        -0.0006636697
O8                               -0.0102139122        -0.0487907342         0.0147593248
O9                                0.0106125682        -0.0452327226         0.0081292916
O10                               0.0073018746        -0.0580430135        -0.0183573560
O11                               0.0001313039        -0.0615929835        -0.0014277306
O12                               0.0025294406        -0.0650812937        -0.0106109842
O13                              -0.0025294406         0.0650812937         0.0106109842
O14                              -0.0001313039         0.0615929835         0.0014277306
O15                              -0.0073018746         0.0580430135         0.0183573560
O16                              -0.0106125682         0.0452327226        -0.0081292916
O17                              -0.0027508768        -0.0656514226         0.0031024408
O18                               0.0000967164        -0.0609838201         0.0097202113
O19                              -0.0070511158        -0.0598406809        -0.0023483498
O20                              -0.0109474223        -0.0429986160         0.0169158745
O21                               0.0109474223         0.0429986160        -0.0169158745
O22                               0.0070511158         0.0598406809         0.0023483498
O23                              -0.0000967164         0.0609838201        -0.0097202113
O24                               0.0027508768         0.0656514226        -0.0031024408
O25                               0.0109224196         0.0631992139         0.0127893509
O26                               0.0170453454         0.0573685043        -0.0012526788
O27                              -0.0019264836         0.0603531917         0.0156979296
O28                              -0.0087867795         0.0504825662        -0.0048908089
O29                               0.0087867795        -0.0504825662         0.0048908089
O30                               0.0019264836        -0.0603531917        -0.0156979296
O31                              -0.0170453454        -0.0573685043         0.0012526788
O32                              -0.0109224196        -0.0631992139        -0.0127893509
O33                               0.0112683864        -0.0047021226         0.0232679240
O34                               0.0129918987        -0.0050951162         0.0832292834
O35                               0.0012724279        -0.0107994172         0.0424626386
O36                              -0.0003787839        -0.0108167663         0.0642794306
O37                               0.0003787839         0.0108167663        -0.0642794306
O38                              -0.0012724279         0.0107994172        -0.0424626386
O39                              -0.0129918987         0.0050951162        -0.0832292834
O40                              -0.0112683864         0.0047021226        -0.0232679240
O41                               0.0004298418         0.0110663328         0.0559254008
O42                               0.0172964269         0.0031411047         0.0501184876
O43                              -0.0115344557         0.0121827780         0.0545129203
O44                              -0.0308806442         0.0059784991         0.0516029372
O45                               0.0308806442        -0.0059784991        -0.0516029372
O46                               0.0115344557        -0.0121827780        -0.0545129203
O47                              -0.0172964269        -0.0031411047        -0.0501184876
O48                              -0.0004298418        -0.0110663328        -0.0559254008
O49                               0.0211599630         0.0094144609        -0.0698990884
O50                               0.0196033805         0.0091886822        -0.0369110698
O51                              -0.0111255010         0.0064298728        -0.0777090362
O52                              -0.0094082838         0.0064833873        -0.0294802862
O53                               0.0094082838        -0.0064833873         0.0294802862
O54                               0.0111255010        -0.0064298728         0.0777090362
O55                              -0.0196033805        -0.0091886822         0.0369110698
O56                              -0.0211599630        -0.0094144609         0.0698990884
O57                               0.0034451213        -0.0086194814        -0.0515610986
O58                              -0.0035935464        -0.0126769383        -0.0546298115
O59                              -0.0073292955        -0.0116202509        -0.0525220638
O60                              -0.0081775640        -0.0104055086        -0.0558333411
O61                               0.0081775640         0.0104055086         0.0558333411
O62                               0.0073292955         0.0116202509         0.0525220638
O63                               0.0035935464         0.0126769383         0.0546298115
O64                              -0.0034451213         0.0086194814         0.0515610986
------------------------------------------------------------------------------------------
----------------------------------------------------------------
TOTAL-STRESS (KBAR)                                           
----------------------------------------------------------------
       80.6743066421        -0.0001035947        -0.0000852394
       -0.0001035947        79.2856770553         0.0030297678
       -0.0000852394         0.0030297678        80.5653506023
----------------------------------------------------------------
 TOTAL-PRESSURE: 80.175111 KBAR



 ------------------------------------------------------------------------------------------------
 Energy (Ry)         Potential (Ry)      Kinetic (Ry)        Temperature (K)     Pressure (kbar)     
 -16375.978          -16376.068          0.09025424          100                 81.430054           
 ------------------------------------------------------------------------------------------------
Virtual Pressure is 81.430054 kbar 
Virial Term is 80.175111 kbar 
Kinetic Term is 1.254943 kbar 


 ><><><><><><><><><><><><><><><><><><><><><><><><><><><><><><><><><><><

 MD STRESS (kbar)

 ><><><><><><><><><><><><><><><><><><><><><><><><><><><><><><><><><><><

81.857737      -0.2133818     0.025157439    
-0.2133818     80.424811      -0.15237352    
0.025157439    -0.15237352    82.007615      



 -------------------------------------------
 STEP OF MOLECULAR DYNAMICS : 1
 -------------------------------------------

 Volume (Bohr^3)                          = 7044.8923
 Volume (A^3)                             = 1043.9441

 Lattice vectors: (Cartesian coordinate: in unit of a_0)
 +10.062689          +0                  +0                  
 +0                  +9.9644578          +0                  
 +0                  +0                  +10.411424          
 Reciprocal vectors: (Cartesian coordinate: in unit of 2 pi/a_0)
 +0.099377016        -0                  +0                  
 -0                  +0.10035669         -0                  
 +0                  -0                  +0.096048343        

 Volume (Bohr^3)                          = 7036.6873
 Volume (A^3)                             = 1042.7282

 Lattice vectors: (Cartesian coordinate: in unit of a_0)
 +10.058786          +0                  +0                  
 +0                  +9.9605757          +0                  
 +0                  +0                  +10.407388          
 Reciprocal vectors: (Cartesian coordinate: in unit of 2 pi/a_0)
 +0.099415575        -0                  +0                  
 -0                  +0.1003958          -0                  
 +0                  -0                  +0.096085593        
 DONE : LOCAL POTENTIAL Time : 88.479061 (SEC)


 SETUP K-POINTS
 nspin                                    = 1
K-POINTS DIRECT COORDINATES
 KPOINTS     DIRECT_X     DIRECT_Y     DIRECT_Z WEIGHT
       1   0.00000000   0.00000000   0.00000000 2.0000

 k-point number in this process           = 1
 minimum distributed K point number       = 1

K-POINTS CARTESIAN COORDINATES
 KPOINTS  CARTESIAN_X  CARTESIAN_Y  CARTESIAN_Z WEIGHT
       1   0.00000000   0.00000000   0.00000000 2.0000

K-POINTS DIRECT COORDINATES
 KPOINTS     DIRECT_X     DIRECT_Y     DIRECT_Z WEIGHT
       1   0.00000000   0.00000000   0.00000000 2.0000
 DONE : INIT K-POINTS Time : 88.480533 (SEC)

 Find the file, try to read charge from file.
 read in fermi energy = 0
 NEW-OLD atomic charge density approx. for the potential !
 searching radius is (Bohr))              = 14.01
 searching radius unit is (Bohr))         = 1.889726
 enter setAlltoallvParameter, nblk        = 64
 pnum                                     = 0
 prow                                     = 0
 pcol                                     = 0
 nRow_in_proc                             = 1120
 nCol_in_proc                             = 1120
 pnum                                     = 1
 prow                                     = 0
 pcol                                     = 1
 nRow_in_proc                             = 1120
 nCol_in_proc                             = 1088
 pnum                                     = 2
 prow                                     = 1
 pcol                                     = 0
 nRow_in_proc                             = 1088
 nCol_in_proc                             = 1120
 pnum                                     = 3
 prow                                     = 1
 pcol                                     = 1
 nRow_in_proc                             = 1088
 nCol_in_proc                             = 1088
receiver_size is 4875264 ; receiver_size of each process is:
1254400 1218560 1218560 1183744 
sender_size is 4779946 ; sender_size of each process is:
1254400 1207801 1149184 1168561 
 DONE : INIT SCF Time : 89.2982 (SEC)


 LCAO ALGORITHM --------------- ION=2     ELEC=1   --------------------------------

K-S equation was solved by genelpa2

eigenvalues were copied to ekb

 Density error is 0.000455083020595
------------------------------------------------------
  Energy         Rydberg                 eV         
------------------------------------------------------
E_KohnSham    -16376.0579139034   -222807.6984070801
E_Harris      -16376.0582059289   -222807.7023802905
E_Fermi            1.3624714994        18.5373757540
------------------------------------------------------

 LCAO ALGORITHM --------------- ION=   2  ELEC=   2--------------------------------

K-S equation was solved by genelpa2

eigenvalues were copied to ekb

 Density error is 0.000246919540601
------------------------------------------------------
  Energy         Rydberg                 eV         
------------------------------------------------------
E_KohnSham    -16376.0578990719   -222807.6982052864
E_Harris      -16375.6114301199   -222801.6236835599
E_Fermi            1.3626342480        18.5395900627
------------------------------------------------------

 LCAO ALGORITHM --------------- ION=   2  ELEC=   3--------------------------------

K-S equation was solved by genelpa2

eigenvalues were copied to ekb

 Density error is 9.19900978482e-05
------------------------------------------------------
  Energy         Rydberg                 eV         
------------------------------------------------------
E_KohnSham    -16376.0579099975   -222807.6983539368
E_Harris      -16375.9142463423   -222805.7437096316
E_Fermi            1.3627185248        18.5407367074
------------------------------------------------------

 LCAO ALGORITHM --------------- ION=   2  ELEC=   4--------------------------------

K-S equation was solved by genelpa2

eigenvalues were copied to ekb

 Density error is 4.34920603854e-05
------------------------------------------------------
  Energy         Rydberg                 eV         
------------------------------------------------------
E_KohnSham    -16376.0579110433   -222807.6983681666
E_Harris      -16376.0221602769   -222807.2119540358
E_Fermi            1.3627553168        18.5412372879
------------------------------------------------------

 LCAO ALGORITHM --------------- ION=   2  ELEC=   5--------------------------------

K-S equation was solved by genelpa2

eigenvalues were copied to ekb

 Density error is 7.57329165866e-06
------------------------------------------------------
  Energy         Rydberg                 eV         
------------------------------------------------------
E_KohnSham    -16376.0579111754   -222807.6983699629
E_Harris      -16376.0565877564   -222807.6803639240
E_Fermi            1.3627699488        18.5414363664
------------------------------------------------------

 LCAO ALGORITHM --------------- ION=   2  ELEC=   6--------------------------------

K-S equation was solved by genelpa2

eigenvalues were copied to ekb

 Density error is 2.65532340011e-06
------------------------------------------------------
  Energy         Rydberg                 eV         
------------------------------------------------------
E_KohnSham    -16376.0579111835   -222807.6983700730
E_Harris      -16376.0577552722   -222807.6962487912
E_Fermi            1.3627690607        18.5414242837
------------------------------------------------------

 LCAO ALGORITHM --------------- ION=   2  ELEC=   7--------------------------------

K-S equation was solved by genelpa2

eigenvalues were copied to ekb

 Density error is 1.04651199316e-06
------------------------------------------------------
  Energy         Rydberg                 eV         
------------------------------------------------------
E_KohnSham    -16376.0579111862   -222807.6983701103
E_Harris      -16376.0577172070   -222807.6957308877
E_Fermi            1.3627676196        18.5414046762
------------------------------------------------------

 LCAO ALGORITHM --------------- ION=   2  ELEC=   8--------------------------------

K-S equation was solved by genelpa2

eigenvalues were copied to ekb

 Density error is 4.54407552887e-07
----------------------------------------------------------
    Energy           Rydberg                 eV         
----------------------------------------------------------
E_KohnSham        -16376.0579111863   -222807.6983701110
E_KS(sigma->0)    -16376.0579111863   -222807.6983701110
E_Harris          -16376.0576637569   -222807.6950036621
E_band               362.3348279493      4929.8182439599
E_one_elec         -5319.7119804059    -72378.3946523845
E_Hartree           3940.6014384804     53614.6331103296
E_xc               -1688.6789126187    -22975.6553040579
E_Ewald           -13308.2684566421   -181068.2815239982
E_entropy(-TS)        -0.0000000000        -0.0000000000
E_descf                0.0000000000         0.0000000000
E_exx                  0.0000000000         0.0000000000
E_Fermi                1.3627677026        18.5414058055
----------------------------------------------------------

 charge density convergence is achieved
 final etot is -222807.69837 eV
------------------------------------------------------------------------------------------
TOTAL-FORCE (eV/Angstrom)                                                               
------------------------------------------------------------------------------------------
Hf1                              -0.0495753410        -0.0402616442        -0.0929263448
Hf2                              -0.0635736101         0.0195539766        -0.0466297543
Hf3                              -0.0212322892        -0.0047081762        -0.0359740520
Hf4                              -0.0720055651         0.0263337471        -0.0819978889
Hf5                               0.0483797232        -0.0464885518         0.0448639914
Hf6                               0.0414034558         0.0060534007         0.0821573648
Hf7                               0.1058607489        -0.0031291882         0.0848294781
Hf8                               0.0532102891         0.0104646111         0.0832232305
Hf9                               0.0622455685        -0.0195014013        -0.0249589986
Hf10                              0.0553564635         0.0281637035        -0.1170360550
Hf11                              0.0458691321        -0.0433968083        -0.0719926415
Hf12                              0.0314409778         0.0191589432        -0.0937774740
Hf13                             -0.0504614762         0.0182645753         0.1108464464
Hf14                             -0.0448796115        -0.0431687072         0.0554423621
Hf15                             -0.0536692492        -0.0144855926         0.0546470827
Hf16                             -0.0419084780        -0.0132367574         0.0712080255
Hf17                             -0.0336222425         0.0501298523         0.0276392131
Hf18                             -0.0363198649         0.0347007603         0.1217842936
Hf19                             -0.0603464513         0.0034778673         0.1065793165
Hf20                             -0.0637751641        -0.0124911699         0.0774390897
Hf21                              0.0814712121        -0.0147903920        -0.0563536838
Hf22                              0.0551166401        -0.0677897937        -0.0185205477
Hf23                              0.0619175554        -0.0263893549        -0.0456187381
Hf24                             -0.0239255294        -0.0168197161        -0.0422472363
Hf25                              0.0894560119        -0.0278611281         0.0601631830
Hf26                              0.0476291166        -0.0635621166         0.0593618359
Hf27                              0.0306020663        -0.0800752995         0.0609373224
Hf28                              0.0743024445        -0.0831163787         0.0927003998
Hf29                             -0.0438586060         0.0570395956        -0.1014712515
Hf30                             -0.0195243046         0.0084035371        -0.0546918210
Hf31                             -0.0625536416         0.0299987354        -0.1207723184
Hf32                             -0.0081054965         0.0270673557        -0.0506276295
O1                               -0.0285094486         0.0701220946        -0.0461661420
O2                                0.0291342794         0.0758666238         0.0626376451
O3                               -0.0091647435         0.1179889264         0.0053616459
O4                               -0.0385368577         0.1088874306        -0.0431046871
O5                                0.0437086658        -0.0682998994         0.0235840363
O6                                0.0389754856        -0.0480088301         0.0246491424
O7                               -0.0140176095        -0.1072638346        -0.0065594837
O8                               -0.0101250550        -0.0783480634        -0.0385402889
O9                                0.0244552582        -0.0305498947         0.0310556683
O10                              -0.0442580234        -0.0763243252        -0.0513586147
O11                              -0.0411711995        -0.0342828060         0.0451825918
O12                               0.0331105350        -0.0444210776        -0.0369136950
O13                              -0.0696572402         0.1113110665         0.0163990932
O14                               0.0296041063         0.0632938072        -0.0486712098
O15                               0.0014010092         0.0495864738        -0.0426832688
O16                              -0.0279552783         0.0242162146         0.0007149979
O17                              -0.0613588885        -0.0945658210         0.0249058264
O18                              -0.0589727591        -0.0985789017         0.0488535805
O19                               0.0003867737        -0.0397973579        -0.0229872771
O20                               0.0094192237        -0.0245296052         0.0586031873
O21                               0.0276017053         0.0296924679         0.0244932116
O22                              -0.0175255035         0.0845875453        -0.0243362509
O23                               0.0976850951         0.0626572121        -0.0374969488
O24                               0.0512128009         0.1274591262        -0.0858422261
O25                              -0.0285381031         0.0522096442         0.0340652407
O26                              -0.0091538714         0.1382378288        -0.0184148127
O27                              -0.0607344031         0.0626980558        -0.0574215707
O28                               0.0253632352         0.0658773913         0.0707310122
O29                               0.0177120489        -0.0564201457         0.0103466099
O30                               0.0114799064        -0.0252870472        -0.0790204118
O31                              -0.0615845782        -0.1026970105         0.0108109816
O32                               0.0321335156        -0.1144123256        -0.0632969241
O33                              -0.0029319972        -0.0084940856         0.0231585693
O34                               0.0128064825        -0.0228453243         0.0533613542
O35                              -0.0016756209         0.0383727115         0.0819451443
O36                               0.0738941206         0.0443361653         0.0559302207
O37                               0.0031688434         0.0471201646        -0.0239041736
O38                              -0.0203988566        -0.0961056378        -0.1427544967
O39                              -0.0290793075         0.0195638742        -0.0853412313
O40                               0.0280623402         0.0305327256         0.0004099504
O41                              -0.0022288660         0.0029192770         0.1073194610
O42                              -0.0260877664        -0.0270438438         0.0372278492
O43                              -0.0056572719        -0.0119677348         0.0787211671
O44                              -0.0710557300        -0.0594543936         0.0725277786
O45                               0.0137500159        -0.0346784389        -0.0492444652
O46                              -0.0234047922         0.0407179805        -0.1845333231
O47                               0.0112944945         0.0133459645        -0.0782892576
O48                               0.0058048260         0.0173659552        -0.1118107213
O49                               0.0058882516         0.1054789541         0.0025151214
O50                               0.0154582103         0.0222401419        -0.0148960148
O51                              -0.0683334226         0.0541414698        -0.0870659190
O52                              -0.0220314855         0.0487865876         0.0193150028
O53                               0.0047569154         0.0345028960         0.0862704106
O54                               0.0139265475        -0.0284731062         0.0679135108
O55                              -0.0655014571        -0.0578673114        -0.0007616363
O56                              -0.0212789639        -0.0158818091         0.1308543086
O57                               0.0452362031        -0.0630370971        -0.0447788906
O58                               0.0390447004        -0.0144824748        -0.0839281397
O59                               0.0071743528         0.0299631617        -0.0870191204
O60                               0.0045304723        -0.0253177886        -0.0832448618
O61                              -0.0006659729         0.0628667901         0.0350480015
O62                              -0.0176254439         0.0121728404         0.1106039767
O63                               0.0052200839         0.0159649829         0.0617882224
O64                               0.0608955288        -0.0931870448         0.1248553432
------------------------------------------------------------------------------------------
----------------------------------------------------------------
TOTAL-STRESS (KBAR)                                           
----------------------------------------------------------------
       87.0705554958        -0.2799410329        -0.1700152689
       -0.2799410329        86.2724369847         0.1000924977
       -0.1700152689         0.1000924977        87.6360862322
----------------------------------------------------------------
 TOTAL-PRESSURE: 86.993026 KBAR



 ------------------------------------------------------------------------------------------------
 Energy (Ry)         Potential (Ry)      Kinetic (Ry)        Temperature (K)     Pressure (kbar)     
 -16375.968          -16376.058          0.089740106         99.43035            88.243732           
 ------------------------------------------------------------------------------------------------
Virtual Pressure is 88.243732 kbar 
Virial Term is 86.993026 kbar 
Kinetic Term is 1.2507058 kbar 


 ><><><><><><><><><><><><><><><><><><><><><><><><><><><><><><><><><><><

 MD STRESS (kbar)

 ><><><><><><><><><><><><><><><><><><><><><><><><><><><><><><><><><><><

88.253753      -0.49309674    -0.14511772    
-0.49309674    87.408505      -0.053457593   
-0.14511772    -0.053457593   89.068938      




 --------------------------------------------
 !FINAL_ETOT_IS -222807.698370111 eV
 --------------------------------------------


TIME STATISTICS
------------------------------------------------------------------------------------
     CLASS_NAME                 NAME            TIME(Sec)  CALLS   AVG(Sec) PER(%)
------------------------------------------------------------------------------------
                     total                      164.07          15  10.94   100.00
Driver               reading                      0.00           1   0.00     0.00
Input                Init                         0.00           1   0.00     0.00
Input_Conv           Convert                      0.00           1   0.00     0.00
Driver               driver_line                164.07           1 164.07   100.00
UnitCell             check_tau                    0.00           1   0.00     0.00
ESolver_KS_LCAO      init                         0.55           1   0.55     0.33
PW_Basis_Sup         setuptransform               0.01           1   0.01     0.00
PW_Basis_Sup         distributeg                  0.00           1   0.00     0.00
mymath               heapsort                     0.03           4   0.01     0.02
PW_Basis_K           setuptransform               0.01           1   0.01     0.00
PW_Basis_K           distributeg                  0.00           1   0.00     0.00
PW_Basis             setup_struc_factor           0.23           2   0.11     0.14
NOrbital_Lm          extra_uniform                0.04          16   0.00     0.02
Mathzone_Add1        SplineD2                     0.00          16   0.00     0.00
Mathzone_Add1        Cubic_Spline_Interpolation   0.00          16   0.00     0.00
Mathzone_Add1        Uni_Deriv_Phi                0.04          16   0.00     0.02
ppcell_vl            init_vloc                    0.41           2   0.20     0.25
Run_MD               md_line                    163.49           1 163.49    99.65
Nose_Hoover          setup                       87.65           1  87.65    53.42
MD_func              force_virial               163.46           2  81.73    99.63
ESolver_KS_LCAO      run                        126.66           2  63.33    77.20
ESolver_KS_LCAO      before_scf                   1.50           2   0.75     0.92
ESolver_KS_LCAO      beforesolver                 0.15           2   0.08     0.09
ESolver_KS_LCAO      set_matrix_grid              0.02           2   0.01     0.01
atom_arrange         search                       0.01           2   0.00     0.00
Grid_Technique       init                         0.01           2   0.01     0.01
Grid_BigCell         grid_expansion_index         0.00           4   0.00     0.00
Record_adj           for_2d                       0.00           2   0.00     0.00
Grid_Driver          Find_atom                    0.00        1344   0.00     0.00
LCAO_domain          grid_prepare                 0.00           2   0.00     0.00
OverlapNew           initialize_SR                0.01           2   0.00     0.00
EkineticNew          initialize_HR                0.01           2   0.00     0.00
NonlocalNew          initialize_HR                0.01           2   0.01     0.01
Veff                 initialize_HR                0.00           2   0.00     0.00
LOC                  Alltoall                     0.04           2   0.02     0.03
Charge               set_rho_core                 0.00           2   0.00     0.00
Charge               atomic_rho                   0.95           4   0.24     0.58
PW_Basis_Sup         recip2real                   0.79         128   0.01     0.48
PW_Basis_Sup         gathers_scatterp             0.31         128   0.00     0.19
Potential            init_pot                     0.24           2   0.12     0.14
Potential            update_from_charge           2.16          20   0.11     1.32
Potential            cal_fixed_v                  0.02           2   0.01     0.01
PotLocal             cal_fixed_v                  0.02           2   0.01     0.01
Potential            cal_v_eff                    2.13          20   0.11     1.30
H_Hartree_pw         v_hartree                    0.27          20   0.01     0.16
PW_Basis_Sup         real2recip                   0.66         148   0.00     0.40
PW_Basis_Sup         gatherp_scatters             0.20         148   0.00     0.12
PotXC                cal_v_eff                    1.83          20   0.09     1.12
XC_Functional        v_xc                         1.82          20   0.09     1.11
Potential            interpolate_vrs              0.01          20   0.00     0.00
H_Ewald_pw           compute_ewald                0.01           2   0.01     0.01
Charge_Mixing        init_mixing                  0.00           2   0.00     0.00
HSolverLCAO          solve                      121.30          18   6.74    73.93
HamiltLCAO           updateHk                    57.05          18   3.17    34.77
OperatorLCAO         init                        52.33          54   0.97    31.89
OverlapNew           calculate_SR                 1.30           2   0.65     0.79
OverlapNew           contributeHk                 0.00           2   0.00     0.00
EkineticNew          contributeHR                 2.00          18   0.11     1.22
EkineticNew          calculate_HR                 1.99           2   1.00     1.22
NonlocalNew          contributeHR                 2.72          18   0.15     1.66
NonlocalNew          calculate_HR                 2.68           2   1.34     1.64
Veff                 contributeHR                50.97          18   2.83    31.07
Gint_interface       cal_gint                   109.79          38   2.89    66.91
Gint_interface       cal_gint_vlocal             48.43          18   2.69    29.52
Gint_Tools           cal_psir_ylm                 3.41       30240   0.00     2.08
Gint_Gamma           transfer_pvpR                2.44          18   0.14     1.49
OperatorLCAO         contributeHk                 0.02          18   0.00     0.01
HSolverLCAO          hamiltSolvePsiK             19.15          18   1.06    11.67
OperatorLCAO         get_hs_pointers              0.00          20   0.00     0.00
DiagoElpa            elpa_solve                  18.78          18   1.04    11.45
ElecStateLCAO        psiToRho                    45.10          18   2.51    27.49
ElecStateLCAO        cal_dm_2d                    0.69          18   0.04     0.42
elecstate            cal_dm                       2.02          20   0.10     1.23
psiMulPsiMpi         pdgemm                       1.99          20   0.10     1.21
DensityMatrix        cal_DMR                      0.05          18   0.00     0.03
Gint                 transfer_DMR                 0.74          18   0.04     0.45
Gint_interface       cal_gint_rho                43.03          18   2.39    26.23
Charge_Mixing        get_drho                     0.08          18   0.00     0.05
Charge               mix_rho                      0.30          16   0.02     0.18
Charge               Pulay_mixing                 0.02          16   0.00     0.01
ESolver_KS_LCAO      cal_force                   36.80           2  18.40    22.43
Force_Stress_LCAO    getForceStress              36.80           2  18.40    22.43
Forces               cal_force_loc                0.21           2   0.11     0.13
Forces               cal_force_ew                 0.19           2   0.10     0.12
Forces               cal_force_cc                 0.00           2   0.00     0.00
Forces               cal_force_scc                0.67           2   0.34     0.41
Stress_Func          stress_loc                   0.69           2   0.35     0.42
Stress_Func          stress_har                   0.01           2   0.01     0.01
Stress_Func          stress_ewa                   0.20           2   0.10     0.12
Stress_Func          stress_cc                    0.00           2   0.00     0.00
Stress_Func          stress_gga                   0.10           2   0.05     0.06
Force_LCAO_gamma     ftable_gamma                34.71           2  17.36    21.16
Force_LCAO_gamma     allocate_gamma               5.81           2   2.90     3.54
LCAO_gen_fixedH      build_ST_new                 3.77           4   0.94     2.29
LCAO_gen_fixedH      b_NL_mu_new                  1.95           2   0.98     1.19
Force_LCAO_gamma     cal_foverlap                 1.46           2   0.73     0.89
Force_LCAO_gamma     cal_edm_2d                   1.39           2   0.69     0.85
Force_LCAO_gamma     cal_ftvnl_dphi               0.07           2   0.04     0.04
Force_LCAO_gamma     cal_fvnl_dbeta_new           9.01           2   4.51     5.49
Force_LCAO_gamma     cal_fvl_dphi                18.33           2   9.17    11.17
Gint_interface       cal_gint_force              18.33           2   9.17    11.17
Gint_Tools           cal_dpsir_ylm                3.18        1680   0.00     1.94
Gint_Tools           cal_dpsirr_ylm               1.24        1680   0.00     0.76
ESolver_KS_LCAO      cal_stress                   0.00           2   0.00     0.00
Nose_Hoover          first_half                   0.00           1   0.00     0.00
ESolver_KS_LCAO      init_after_vc                0.24           1   0.24     0.15
Nose_Hoover          second_half                  0.00           1   0.00     0.00
ESolver_KS_LCAO      post_process                 0.00           1   0.00     0.00
ModuleIO             write_istate_info            0.00           1   0.00     0.00
------------------------------------------------------------------------------------

 NAME-------------------------|MEMORY(MB)--------
total                         1991           
LOC::A2A_sender               567.6          
Stress::dSH_GO                446.3          
LOC::A2A_receiv               283.8          
LOC::DM                       141.9          
Force::dS_GO                  111.6          
Force::dTVNL                  111.6          
FFT::grid                     58.14          
DensityMatrix::DMK            37.2           
SF::strucFac                  29.08          
TwoCenterTable: Kinetic       17.66          
TwoCenterTable: Overlap       17.66          
Chg::rho                      14.31          
Chg::rho_save                 14.31          
Chg::rho_core                 14.31          
Pot::veff_fix                 14.31          
Pot::veff                     14.31          
Pot::veff_smooth              14.31          
TwoCenterTable: Nonlocal      13.1           
Gint::hRGint                  8.752          
Chg::rhog                     7.27           
Chg::rhog_save                7.27           
Chg::rhog_core                7.27           
Gint::DMRGint                 6.632          
HamiltLCAO::hR                4.377          
SF::eigts123                  4.336          
HamiltLCAO::sR                3.922          
DensityMatrix::DMR            3.294          
PW_B_K::gcar                  2.728          
RealGauntTable                1.808          
GT::which_atom                1.739          
GT::which_bigcell             1.739          
GT::which_unitcell            1.739          
GT::index2normal              1.328          
GT::index2ucell               1.328          
Grid::AtomLink                1.313          
 -------------   < 1.0 MB has been ignored ----------------
 ----------------------------------------------------------

 Start  Time  : Mon Jun 17 07:07:40 2024
 Finish Time  : Mon Jun 17 07:10:24 2024
 Total  Time  : 0 h 2 mins 44 secs 
