 In SCAN_END, can't find: </PP_RELWFC.1> block.
 In SCAN_END, can't find: </PP_RELWFC.2> block.
 In SCAN_END, can't find: </PP_RELWFC.3> block.
 In SCAN_END, can't find: </PP_RELWFC.4> block.
 In SCAN_END, can't find: </PP_RELWFC.5> block.
 In SCAN_END, can't find: </PP_RELWFC.6> block.
 In SCAN_END, can't find: </PP_RELBETA.1> block.
 In SCAN_END, can't find: </PP_RELBETA.2> block.
 In SCAN_END, can't find: </PP_RELBETA.3> block.
 In SCAN_END, can't find: </PP_RELBETA.4> block.
 In SCAN_END, can't find: </PP_RELBETA.5> block.
 In SCAN_END, can't find: </PP_RELBETA.6> block.
 In SCAN_END, can't find: </PP_RELBETA.7> block.
 In SCAN_END, can't find: </PP_RELBETA.8> block.
 In SCAN_END, can't find: </PP_RELBETA.9> block.
 In SCAN_END, can't find: </PP_RELBETA.10> block.
 In SCAN_END, can't find: </PP_SPIN_ORB> block.
 In SCAN_END, can't find: </PP_RELWFC.1> block.
 In SCAN_END, can't find: </PP_RELWFC.2> block.
 In SCAN_END, can't find: </PP_RELWFC.3> block.
 In SCAN_END, can't find: </PP_RELBETA.1> block.
 In SCAN_END, can't find: </PP_RELBETA.2> block.
 In SCAN_END, can't find: </PP_RELBETA.3> block.
 In SCAN_END, can't find: </PP_RELBETA.4> block.
 In SCAN_END, can't find: </PP_RELBETA.5> block.
 In SCAN_END, can't find: </PP_RELBETA.6> block.
 In SCAN_END, can't find: </PP_SPIN_ORB> block.
 In SCAN_END, can't find: </PP_RELWFC.1> block.
 In SCAN_END, can't find: </PP_RELWFC.2> block.
 In SCAN_END, can't find: </PP_RELWFC.3> block.
 In SCAN_END, can't find: </PP_RELBETA.1> block.
 In SCAN_END, can't find: </PP_RELBETA.2> block.
 In SCAN_END, can't find: </PP_RELBETA.3> block.
 In SCAN_END, can't find: </PP_RELBETA.4> block.
 In SCAN_END, can't find: </PP_RELBETA.5> block.
 In SCAN_END, can't find: </PP_RELBETA.6> block.
 In SCAN_END, can't find: </PP_SPIN_ORB> block.
 AUTO_SET NBANDS to 0
 Auto generating k-points file: KPT
 AUTO_SET NBANDS to 314
 Grid_Technique::init_atoms_on_grid  warning : No atom on this sub-FFT-mesh.
      Processor           Atom
              1              0
              2             44
              3             44
              4              0
 Grid_Technique::init_atoms_on_grid2  warning : no atom on this sub FFT grid.
                            startmag_type = 2
                       charge from rho_at = 12
                         charge should be = 12
                            startmag_type = 2
                       charge from rho_at = 5
                         charge should be = 5
                            startmag_type = 2
                       charge from rho_at = 3
                         charge should be = 3
 Warning: negative or imaginary starting charge :  neg = -0.00245695 ima = 1.5628e-07 SPIN = 0

 SETUP ATOMIC RHO FOR SPIN 1
                 Electron number from rho = 521
           total electron number from rho = 521
                                should be = 521
                 charge before normalized = 521
                  charge after normalized = 521
                 charge before normalized = 521.000000907954
                  charge after normalized = 520.999999999985
                 charge before normalized = 521.000000000011
                  charge after normalized = 520.999999999999
                 charge before normalized = 521.000000816981
                  charge after normalized = 521.000000000001
                 charge before normalized = 521.000000000036
                  charge after normalized = 520.999999999999
                 charge before normalized = 521.000000855846
                  charge after normalized = 521.000000000028
                 charge before normalized = 520.99999999999
                  charge after normalized = 521
                 charge before normalized = 521.00000085435
                  charge after normalized = 521.000000000004
                 charge before normalized = 520.999999999982
                  charge after normalized = 520.999999999999
                 charge before normalized = 521.00000079093
                  charge after normalized = 521.000000000009
                 charge before normalized = 520.999999999978
                  charge after normalized = 521
                 charge before normalized = 521.000000839136
                  charge after normalized = 521.000000000005
                 charge before normalized = 521.000000000009
                  charge after normalized = 521
 In SCAN_END, can't find: </PP_RELWFC.1> block.
 In SCAN_END, can't find: </PP_RELWFC.2> block.
 In SCAN_END, can't find: </PP_RELWFC.3> block.
 In SCAN_END, can't find: </PP_RELWFC.4> block.
 In SCAN_END, can't find: </PP_RELWFC.5> block.
 In SCAN_END, can't find: </PP_RELWFC.6> block.
 In SCAN_END, can't find: </PP_RELBETA.1> block.
 In SCAN_END, can't find: </PP_RELBETA.2> block.
 In SCAN_END, can't find: </PP_RELBETA.3> block.
 In SCAN_END, can't find: </PP_RELBETA.4> block.
 In SCAN_END, can't find: </PP_RELBETA.5> block.
 In SCAN_END, can't find: </PP_RELBETA.6> block.
 In SCAN_END, can't find: </PP_RELBETA.7> block.
 In SCAN_END, can't find: </PP_RELBETA.8> block.
 In SCAN_END, can't find: </PP_RELBETA.9> block.
 In SCAN_END, can't find: </PP_RELBETA.10> block.
 In SCAN_END, can't find: </PP_SPIN_ORB> block.
 In SCAN_END, can't find: </PP_RELWFC.1> block.
 In SCAN_END, can't find: </PP_RELWFC.2> block.
 In SCAN_END, can't find: </PP_RELWFC.3> block.
 In SCAN_END, can't find: </PP_RELBETA.1> block.
 In SCAN_END, can't find: </PP_RELBETA.2> block.
 In SCAN_END, can't find: </PP_RELBETA.3> block.
 In SCAN_END, can't find: </PP_RELBETA.4> block.
 In SCAN_END, can't find: </PP_RELBETA.5> block.
 In SCAN_END, can't find: </PP_RELBETA.6> block.
 In SCAN_END, can't find: </PP_SPIN_ORB> block.
 In SCAN_END, can't find: </PP_RELWFC.1> block.
 In SCAN_END, can't find: </PP_RELWFC.2> block.
 In SCAN_END, can't find: </PP_RELWFC.3> block.
 In SCAN_END, can't find: </PP_RELBETA.1> block.
 In SCAN_END, can't find: </PP_RELBETA.2> block.
 In SCAN_END, can't find: </PP_RELBETA.3> block.
 In SCAN_END, can't find: </PP_RELBETA.4> block.
 In SCAN_END, can't find: </PP_RELBETA.5> block.
 In SCAN_END, can't find: </PP_RELBETA.6> block.
 In SCAN_END, can't find: </PP_SPIN_ORB> block.
 AUTO_SET NBANDS to 0
 Auto generating k-points file: KPT
 AUTO_SET NBANDS to 314
 Grid_Technique::init_atoms_on_grid  warning : No atom on this sub-FFT-mesh.
      Processor           Atom
              1              0
              2             44
              3             44
              4              0
 Grid_Technique::init_atoms_on_grid2  warning : no atom on this sub FFT grid.
                            startmag_type = 2
                       charge from rho_at = 12
                         charge should be = 12
                            startmag_type = 2
                       charge from rho_at = 5
                         charge should be = 5
                            startmag_type = 2
                       charge from rho_at = 3
                         charge should be = 3
 Warning: negative or imaginary starting charge :  neg = -0.00245695 ima = 1.5628e-07 SPIN = 0

 SETUP ATOMIC RHO FOR SPIN 1
                 Electron number from rho = 521
           total electron number from rho = 521
                                should be = 521
                 charge before normalized = 521
                  charge after normalized = 521
                 charge before normalized = 521.000000907954
                  charge after normalized = 520.999999999985
                 charge before normalized = 521.00000000001
                  charge after normalized = 520.999999999999
                 charge before normalized = 521.000000816982
                  charge after normalized = 521.000000000001
                 charge before normalized = 521.000000000036
                  charge after normalized = 520.999999999999
                 charge before normalized = 521.000000855847
                  charge after normalized = 521.000000000028
                 charge before normalized = 520.99999999999
                  charge after normalized = 521
                 charge before normalized = 521.000000854349
                  charge after normalized = 521.000000000004
                 charge before normalized = 520.999999999982
                  charge after normalized = 520.999999999999
                 charge before normalized = 521.000000790928
                  charge after normalized = 521.000000000009
                 charge before normalized = 520.999999999978
                  charge after normalized = 521
                 charge before normalized = 521.000000839136
                  charge after normalized = 521.000000000005
                 charge before normalized = 521.00000000001
                  charge after normalized = 521
                 charge before normalized = 521.000000847358
                  charge after normalized = 521.000000000008
                 charge before normalized = 521.000000000008
                  charge after normalized = 521
                 charge before normalized = 521.000000840612
                  charge after normalized = 520.999999999959
                 charge before normalized = 521.000000000034
                  charge after normalized = 521.000000000001
                 charge before normalized = 521.000000836186
                  charge after normalized = 521
                 charge before normalized = 520.999999999983
                  charge after normalized = 520.999999999999
                 charge before normalized = 521.000000831141
                  charge after normalized = 521
                 charge before normalized = 520.999999999977
                  charge after normalized = 520.999999999999
                 charge before normalized = 521.000000830853
                  charge after normalized = 521
                 charge before normalized = 521.000000000032
                  charge after normalized = 521
                 charge before normalized = 521.000000836326
                  charge after normalized = 520.999999999981
                 charge before normalized = 521.000000000068
                  charge after normalized = 521.000000000002
                 charge before normalized = 521.000000826384
                  charge after normalized = 520.999999999996
                 charge before normalized = 520.999999999976
                  charge after normalized = 520.999999999999
                 charge before normalized = 521.000000828408
                  charge after normalized = 521.000000000038
                 charge before normalized = 520.999999999995
                  charge after normalized = 521
                 charge before normalized = 521.000000827206
                  charge after normalized = 520.999999999996
                 charge before normalized = 520.999999999966
                  charge after normalized = 521
                 charge before normalized = 521.000000830157
                  charge after normalized = 521.000000000008
                 charge before normalized = 521.000000000023
                  charge after normalized = 521
                 charge before normalized = 521.00000082868
                  charge after normalized = 520.999999999989
                 charge before normalized = 520.999999999884
                  charge after normalized = 520.999999999999
                 charge before normalized = 521.000000827191
                  charge after normalized = 520.999999999991
                 charge before normalized = 521.000000000025
                  charge after normalized = 521.000000000001
                 charge before normalized = 521.00000082685
                  charge after normalized = 520.999999999991
                 charge before normalized = 520.999999999937
                  charge after normalized = 521
                 charge before normalized = 521.000000827363
                  charge after normalized = 521.000000000014
                 charge before normalized = 521.000000000019
                  charge after normalized = 521
                 charge before normalized = 521.000000827107
                  charge after normalized = 520.99999999999
                 charge before normalized = 521.000000000075
                  charge after normalized = 521.000000000001
                 charge before normalized = 521.000000827268
                  charge after normalized = 521.000000000012
                 charge before normalized = 520.999999999972
                  charge after normalized = 521
                 charge before normalized = 521.000000827214
                  charge after normalized = 520.999999999995
                 charge before normalized = 520.999999999961
                  charge after normalized = 521
                 charge before normalized = 521.00000082707
                  charge after normalized = 521.000000000021
                 charge before normalized = 521.00000000007
                  charge after normalized = 520.999999999999
                 charge before normalized = 521.000000827081
                  charge after normalized = 521.000000000016
                 charge before normalized = 520.999999999959
                  charge after normalized = 521
                 charge before normalized = 521.000000827124
                  charge after normalized = 521.000000000032
                 charge before normalized = 521.000000000045
                  charge after normalized = 521
                 charge before normalized = 521.000000827226
                  charge after normalized = 520.999999999993
                 charge before normalized = 521.000000000022
                  charge after normalized = 521
                 charge before normalized = 521.000000827119
                  charge after normalized = 521.000000000009
                 charge before normalized = 520.999999999986
                  charge after normalized = 521
                 charge before normalized = 521.000000827024
                  charge after normalized = 521.000000000022
                 charge before normalized = 520.999999999975
                  charge after normalized = 521.000000000001
                 charge before normalized = 521.000000827169
                  charge after normalized = 521.000000000038
                 charge before normalized = 521.000000000023
                  charge after normalized = 521
                 charge before normalized = 521.000000827182
                  charge after normalized = 520.999999999968
                            startmag_type = 2
                       charge from rho_at = 11.9999945058124
                         charge should be = 12
                            startmag_type = 2
                       charge from rho_at = 4.99999668790933
                         charge should be = 5
                            startmag_type = 2
                       charge from rho_at = 2.99999864850755
                         charge should be = 3
 Warning: negative or imaginary starting charge :  neg = -0.00245695155888762 ima = 1.56280105363953e-07 SPIN = 0

 SETUP ATOMIC RHO FOR SPIN 1
                 Electron number from rho = 520.999999999996
           total electron number from rho = 520.999999999996
                                should be = 521
