                                                                                     
                              ABACUS v3.6.5

               Atomic-orbital Based Ab-initio Computation at UStc                    

                     Website: http://abacus.ustc.edu.cn/                             
               Documentation: https://abacus.deepmodeling.com/                       
                  Repository: https://github.com/abacusmodeling/abacus-develop       
                              https://github.com/deepmodeling/abacus-develop         
                      Commit: f16c4a7 (Sat Jun 15 10:36:12 2024 +0800)

 Fri Jun 21 16:24:21 2024
 MAKE THE DIR         : OUT.ABACUS/
 MAKE THE STRU DIR    : OUT.ABACUS/STRU/
 RUNNING WITH DEVICE  : CPU / Intel(R) Xeon(R) Gold 6342 CPU @ 2.80GHz

%%%%%%%%%%%%%%%%%%%%%%%%%%%%%%%%%%%%%%%%%%%%%%%%%%%%%%%%%%%%%%%%%%%%%%%%%%%%%%%%%%%%%%%%%%%%%%%%%%%%%%%%%
 Warning: the number of valence electrons in pseudopotential > 4 for Ti: [Ar] 3d2 4s2
 Pseudopotentials with additional electrons can yield (more) accurate outcomes, but may be less efficient.
 If you're confident that your chosen pseudopotential is appropriate, you can safely ignore this warning.
%%%%%%%%%%%%%%%%%%%%%%%%%%%%%%%%%%%%%%%%%%%%%%%%%%%%%%%%%%%%%%%%%%%%%%%%%%%%%%%%%%%%%%%%%%%%%%%%%%%%%%%%%

 UNIFORM GRID DIM        : 225 * 225 * 324
 UNIFORM GRID DIM(BIG)   : 45 * 45 * 108
 DONE(0.359485   SEC) : SETUP UNITCELL
 DONE(0.361003   SEC) : INIT K-POINTS
 ---------------------------------------------------------
 Molecular Dynamics simulations
 ---------------------------------------------------------
 ENSEMBLE                 : NVE
 Time interval(fs)        : 1
 ---------------------------------------------------------
 SPIN    KPOINTS         PROCESSORS  NBASE       
 1       Gamma           12          1678        
 ---------------------------------------------------------
 Use Systematically Improvable Atomic bases
 ---------------------------------------------------------
 ELEMENT ORBITALS        NBASE       NATOM       XC          
 Ti      4s2p2d1f-10au   27          1           
 N       2s2p1d-10au     13          64          
 B       2s2p1d-10au     13          63          
 ---------------------------------------------------------
 Initial plane wave basis and FFT box
 ---------------------------------------------------------
 DONE(0.484925   SEC) : INIT PLANEWAVE
 ----------------------------------- INIT VEL ---------------------------------------
 RANDOM VEL ACCORDING TO INITIAL TEMPERATURE: 300 K
 ------------------------------------- DONE -----------------------------------------
 -------------------------------------------
 STEP OF MOLECULAR DYNAMICS : 0
 -------------------------------------------
 START CHARGE      : atomic
 DONE(15.3337    SEC) : INIT SCF
 * * * * * *
 << Start SCF iteration.
 ITER       ETOT/eV          EDIFF/eV           DRHO       TIME/s
 GE1     -2.48706758e+04   0.00000000e+00   2.25386196e-01   9.42
 GE2     -2.48849875e+04  -1.43117232e+01   1.00472311e-01   8.82
 GE3     -2.48784535e+04   6.53403410e+00   5.99344933e-02   8.81
 GE4     -2.48785370e+04  -8.35241532e-02   2.32770405e-02   8.82
 GE5     -2.48780237e+04   5.13317156e-01   1.70376205e-02   8.82
 GE6     -2.48776059e+04   4.17734238e-01   1.27637344e-02   8.82
 GE7     -2.48775772e+04   2.87760883e-02   8.00608895e-03   8.82
 GE8     -2.48775386e+04   3.85544566e-02   6.70128107e-03   8.82
 GE9     -2.48775490e+04  -1.03573957e-02   3.95640329e-03   8.82
 GE10    -2.48775759e+04  -2.69414608e-02   2.66601202e-03   8.82
 GE11    -2.48776015e+04  -2.55945895e-02   1.79082395e-03   8.83
 GE12    -2.48776099e+04  -8.37661619e-03   8.83600444e-04   8.83
 GE13    -2.48776191e+04  -9.19211697e-03   5.94674700e-04   8.83
 GE14    -2.48776213e+04  -2.20308404e-03   2.43049224e-04   8.84
 GE15    -2.48776220e+04  -6.77654012e-04   1.39355979e-04   8.84
 GE16    -2.48776224e+04  -4.83957374e-04   7.97330953e-05   8.83
 GE17    -2.48776225e+04  -7.82425564e-05   3.93121208e-05   8.84
 GE18    -2.48776226e+04  -3.57845068e-05   2.08267603e-05   8.84
 GE19    -2.48776226e+04  -5.50030047e-06   9.93776626e-06   8.85
 GE20    -2.48776226e+04  -1.00727813e-06   5.28620362e-06   8.85
 GE21    -2.48776226e+04   3.66663187e-07   2.25061207e-06   8.84
 GE22    -2.48776226e+04   3.80565724e-07   1.15243680e-06   8.85
 GE23    -2.48776226e+04   6.81456359e-07   7.17273454e-07   8.70
 >> Leave SCF iteration.
 * * * * * *
----------------------------------------------------------------
 TOTAL-STRESS (KBAR)                                            
----------------------------------------------------------------
         1.7275067821         0.0009140555         0.0025097839 
         0.0009140555         1.7282591502        -0.0014596320 
         0.0025097839        -0.0014596320         0.0193253773 
----------------------------------------------------------------
 TOTAL-PRESSURE: 1.158364 KBAR

 ------------------------------------------------------------------------------------------------
 Energy (Ry)         Potential (Ry)      Kinetic (Ry)        Temperature (K)     Pressure (kbar)     
 -1828.108910        -1828.470877        0.361967            300.000000          1.660691            
 ------------------------------------------------------------------------------------------------
 -------------------------------------------
 STEP OF MOLECULAR DYNAMICS : 1
 -------------------------------------------
 DONE(304.983643 SEC) : INIT SCF
 * * * * * *
 << Start SCF iteration.
 ITER       ETOT/eV          EDIFF/eV           DRHO       TIME/s
 GE1     -2.48774722e+04   0.00000000e+00   3.20323702e-03   9.41
 GE2     -2.48774652e+04   6.98546614e-03   1.79927083e-03   8.84
 GE3     -2.48774677e+04  -2.57708301e-03   6.00629221e-04   8.84
 GE4     -2.48774678e+04  -1.62648150e-05   3.81377268e-04   8.84
 GE5     -2.48774677e+04   2.93473751e-05   2.49177232e-04   8.84
 GE6     -2.48774678e+04  -2.10785207e-05   1.12020271e-04   8.85
 GE7     -2.48774678e+04  -2.94485382e-05   7.19126274e-05   8.86
 GE8     -2.48774678e+04  -3.12968549e-05   3.58369244e-05   8.85
 GE9     -2.48774678e+04  -2.29023796e-05   2.16145081e-05   8.85
 GE10    -2.48774679e+04  -1.58339972e-05   1.31416593e-05   8.85
 GE11    -2.48774679e+04  -8.52904902e-06   7.55254330e-06   8.85
 GE12    -2.48774679e+04  -6.72732470e-06   4.73885593e-06   8.86
 GE13    -2.48774679e+04  -2.93303945e-06   2.55233972e-06   8.86
 GE14    -2.48774679e+04  -1.17290518e-06   1.40743840e-06   8.87
 GE15    -2.48774679e+04  -4.60859530e-07   7.10962410e-07   8.73
 >> Leave SCF iteration.
 * * * * * *
----------------------------------------------------------------
 TOTAL-STRESS (KBAR)                                            
----------------------------------------------------------------
         1.7590063621        -0.0503654027        -0.0018923932 
        -0.0503654027         1.7846445756        -0.0070752503 
        -0.0018923932        -0.0070752503         0.0135836469 
----------------------------------------------------------------
 TOTAL-PRESSURE: 1.185745 KBAR

 ------------------------------------------------------------------------------------------------
 Energy (Ry)         Potential (Ry)      Kinetic (Ry)        Temperature (K)     Pressure (kbar)     
 -1828.108759        -1828.459508        0.350749            290.702457          1.672504            
 ------------------------------------------------------------------------------------------------
 -------------------------------------------
 STEP OF MOLECULAR DYNAMICS : 2
 -------------------------------------------
 DONE(530.594271 SEC) : INIT SCF
 * * * * * *
 << Start SCF iteration.
 ITER       ETOT/eV          EDIFF/eV           DRHO       TIME/s
 GE1     -2.48770351e+04   0.00000000e+00   1.82659302e-04   9.43
 GE2     -2.48770351e+04   2.04032546e-05   1.00767244e-04   8.86
 GE3     -2.48770351e+04  -8.34916986e-06   3.49004050e-05   8.87
 GE4     -2.48770351e+04  -2.53534149e-07   2.07527929e-05   8.86
 GE5     -2.48770351e+04  -1.23730728e-07   1.42117760e-05   8.87
 GE6     -2.48770351e+04  -2.80429712e-07   6.40163624e-06   8.86
 GE7     -2.48770351e+04  -2.24528766e-07   3.47619714e-06   8.87
 GE8     -2.48770351e+04  -1.42505650e-07   1.93700020e-06   8.87
 GE9     -2.48770351e+04  -7.03634216e-08   1.14367082e-06   8.88
 GE10    -2.48770351e+04  -1.11504910e-07   6.70359704e-07   8.75
 >> Leave SCF iteration.
 * * * * * *
----------------------------------------------------------------
 TOTAL-STRESS (KBAR)                                            
----------------------------------------------------------------
         1.8851230425        -0.1035759725        -0.0048025266 
        -0.1035759725         1.9281127795        -0.0132745413 
        -0.0048025266        -0.0132745413        -0.0022004199 
----------------------------------------------------------------
 TOTAL-PRESSURE: 1.270345 KBAR

 ------------------------------------------------------------------------------------------------
 Energy (Ry)         Potential (Ry)      Kinetic (Ry)        Temperature (K)     Pressure (kbar)     
 -1828.108343        -1828.427698        0.319356            264.683447          1.713537            
 ------------------------------------------------------------------------------------------------
 -------------------------------------------
 STEP OF MOLECULAR DYNAMICS : 3
 -------------------------------------------
 DONE(717.853240 SEC) : INIT SCF
 * * * * * *
 << Start SCF iteration.
 ITER       ETOT/eV          EDIFF/eV           DRHO       TIME/s
 GE1     -2.48764134e+04   0.00000000e+00   1.10736747e-04   9.41
 GE2     -2.48764134e+04  -3.86394025e-06   6.35055063e-05   8.85
 GE3     -2.48764134e+04  -6.57716245e-07   2.40096336e-05   8.85
 GE4     -2.48764134e+04  -9.34062435e-07   1.14757254e-05   8.85
 GE5     -2.48764134e+04  -6.66387542e-08   4.83158743e-06   8.86
 GE6     -2.48764134e+04  -9.01839731e-08   2.23120915e-06   8.86
 GE7     -2.48764134e+04  -1.27040856e-07   1.53872972e-06   8.86
 GE8     -2.48764134e+04  -4.89128642e-07   9.31925451e-07   8.74
 >> Leave SCF iteration.
 * * * * * *
----------------------------------------------------------------
 TOTAL-STRESS (KBAR)                                            
----------------------------------------------------------------
         2.0680921162        -0.1521504336        -0.0073566181 
        -0.1521504336         2.1224298881        -0.0190319300 
        -0.0073566181        -0.0190319300        -0.0268610707 
----------------------------------------------------------------
 TOTAL-PRESSURE: 1.387887 KBAR

 ------------------------------------------------------------------------------------------------
 Energy (Ry)         Potential (Ry)      Kinetic (Ry)        Temperature (K)     Pressure (kbar)     
 -1828.107759        -1828.382009        0.274250            227.299578          1.768483            
 ------------------------------------------------------------------------------------------------
 -------------------------------------------
 STEP OF MOLECULAR DYNAMICS : 4
 -------------------------------------------
 DONE(887.519878 SEC) : INIT SCF
 * * * * * *
 << Start SCF iteration.
 ITER       ETOT/eV          EDIFF/eV           DRHO       TIME/s
 GE1     -2.48757283e+04   0.00000000e+00   6.48611748e-05   9.41
 GE2     -2.48757283e+04  -1.07606383e-06   3.67911613e-05   8.85
 GE3     -2.48757283e+04  -2.70159035e-07   1.33219843e-05   8.86
 GE4     -2.48757283e+04  -2.36946386e-07   6.46773985e-06   8.85
 GE5     -2.48757283e+04  -4.53023498e-08   2.80658618e-06   8.85
 GE6     -2.48757283e+04  -4.70254725e-08   1.22313378e-06   8.86
 GE7     -2.48757283e+04  -3.29175214e-07   8.57086756e-07   8.74
 >> Leave SCF iteration.
 * * * * * *
----------------------------------------------------------------
 TOTAL-STRESS (KBAR)                                            
----------------------------------------------------------------
         2.2562606369        -0.1886542217        -0.0104952608 
        -0.1886542217         2.3187794151        -0.0233257974 
        -0.0104952608        -0.0233257974        -0.0587543992 
----------------------------------------------------------------
 TOTAL-PRESSURE: 1.505429 KBAR

 ------------------------------------------------------------------------------------------------
 Energy (Ry)         Potential (Ry)      Kinetic (Ry)        Temperature (K)     Pressure (kbar)     
 -1828.107145        -1828.331655        0.224510            186.074671          1.816996            
 ------------------------------------------------------------------------------------------------
 -------------------------------------------
 STEP OF MOLECULAR DYNAMICS : 5
 -------------------------------------------
 DONE(1048.041877 SEC) : INIT SCF
 * * * * * *
 << Start SCF iteration.
 ITER       ETOT/eV          EDIFF/eV           DRHO       TIME/s
 GE1     -2.48751114e+04   0.00000000e+00   4.80951358e-05   9.42
 GE2     -2.48751114e+04  -3.40305906e-07   2.73081132e-05   8.85
 GE3     -2.48751114e+04  -7.63216520e-08   1.07039445e-05   8.85
 GE4     -2.48751114e+04  -1.67746150e-07   5.20803086e-06   8.86
 GE5     -2.48751114e+04  -4.90857952e-08   2.31917408e-06   8.86
 GE6     -2.48751114e+04  -3.83139581e-08   1.05599570e-06   8.87
 GE7     -2.48751114e+04  -2.74412704e-07   7.47253388e-07   8.74
 >> Leave SCF iteration.
 * * * * * *
----------------------------------------------------------------
 TOTAL-STRESS (KBAR)                                            
----------------------------------------------------------------
         2.3946893783        -0.2062453756        -0.0148063844 
        -0.2062453756         2.4655963278        -0.0253100371 
        -0.0148063844        -0.0253100371        -0.0959807915 
----------------------------------------------------------------
 TOTAL-PRESSURE: 1.588102 KBAR

 ------------------------------------------------------------------------------------------------
 Energy (Ry)         Potential (Ry)      Kinetic (Ry)        Temperature (K)     Pressure (kbar)     
 -1828.106648        -1828.286308        0.179660            148.902910          1.837428            
 ------------------------------------------------------------------------------------------------
 -------------------------------------------
 STEP OF MOLECULAR DYNAMICS : 6
 -------------------------------------------
 DONE(1209.026226 SEC) : INIT SCF
 * * * * * *
 << Start SCF iteration.
 ITER       ETOT/eV          EDIFF/eV           DRHO       TIME/s
 GE1     -2.48746688e+04   0.00000000e+00   3.72999581e-05   9.43
 GE2     -2.48746688e+04  -1.69036172e-07   2.08509227e-05   8.86
 GE3     -2.48746688e+04  -6.14972283e-08   7.40690066e-06   8.87
 GE4     -2.48746688e+04  -1.78808783e-08   3.67085876e-06   8.86
 GE5     -2.48746688e+04  -4.32451207e-08   1.97864542e-06   8.87
 GE6     -2.48746688e+04  -2.40293637e-07   9.10806169e-07   8.75
 >> Leave SCF iteration.
 * * * * * *
----------------------------------------------------------------
 TOTAL-STRESS (KBAR)                                            
----------------------------------------------------------------
         2.4409720857        -0.2002862509        -0.0205954083 
        -0.2002862509         2.5238952369        -0.0244202601 
        -0.0205954083        -0.0244202601        -0.1364485320 
----------------------------------------------------------------
 TOTAL-PRESSURE: 1.609473 KBAR

 ------------------------------------------------------------------------------------------------
 Energy (Ry)         Potential (Ry)      Kinetic (Ry)        Temperature (K)     Pressure (kbar)     
 -1828.106385        -1828.253783        0.147398            122.164383          1.814028            
 ------------------------------------------------------------------------------------------------
 -------------------------------------------
 STEP OF MOLECULAR DYNAMICS : 7
 -------------------------------------------
 DONE(1361.065535 SEC) : INIT SCF
 * * * * * *
 << Start SCF iteration.
 ITER       ETOT/eV          EDIFF/eV           DRHO       TIME/s
 GE1     -2.48744575e+04   0.00000000e+00   3.18926872e-05   9.49
 GE2     -2.48744575e+04   3.77756756e-08   1.74184714e-05   8.93
 GE3     -2.48744575e+04  -9.62195429e-08   6.26445854e-06   8.94
 GE4     -2.48744575e+04  -1.63031537e-09   2.76943824e-06   8.93
 GE5     -2.48744575e+04   8.29078786e-10   1.99411926e-06   8.94
 GE6     -2.48744575e+04  -1.11610091e-07   9.57657556e-07   8.82
 >> Leave SCF iteration.
 * * * * * *
----------------------------------------------------------------
 TOTAL-STRESS (KBAR)                                            
----------------------------------------------------------------
         2.3752829860        -0.1695228031        -0.0280941846 
        -0.1695228031         2.4764967614        -0.0204007333 
        -0.0280941846        -0.0204007333        -0.1779617751 
----------------------------------------------------------------
 TOTAL-PRESSURE: 1.557939 KBAR

 ------------------------------------------------------------------------------------------------
 Energy (Ry)         Potential (Ry)      Kinetic (Ry)        Temperature (K)     Pressure (kbar)     
 -1828.106401        -1828.238247        0.131846            109.274843          1.740912            
 ------------------------------------------------------------------------------------------------
 -------------------------------------------
 STEP OF MOLECULAR DYNAMICS : 8
 -------------------------------------------
 DONE(1513.370308 SEC) : INIT SCF
 * * * * * *
 << Start SCF iteration.
 ITER       ETOT/eV          EDIFF/eV           DRHO       TIME/s
 GE1     -2.48744743e+04   0.00000000e+00   3.40393443e-05   9.43
 GE2     -2.48744743e+04   5.17100770e-07   1.85238019e-05   8.86
 GE3     -2.48744743e+04  -2.07266603e-07   6.80347340e-06   8.87
 GE4     -2.48744743e+04  -6.80587063e-11   3.65607296e-06   8.86
 GE5     -2.48744743e+04  -7.50811274e-09   2.62950105e-06   8.87
 GE6     -2.48744743e+04  -1.14957342e-08   1.26040990e-06   8.87
 GE7     -2.48744743e+04   3.27919221e-08   7.27507144e-07   8.76
 >> Leave SCF iteration.
 * * * * * *
----------------------------------------------------------------
 TOTAL-STRESS (KBAR)                                            
----------------------------------------------------------------
         2.2045480400        -0.1164553537        -0.0376272605 
        -0.1164553537         2.3320734635        -0.0132702440 
        -0.0376272605        -0.0132702440        -0.2182016039 
----------------------------------------------------------------
 TOTAL-PRESSURE: 1.439473 KBAR

 ------------------------------------------------------------------------------------------------
 Energy (Ry)         Potential (Ry)      Kinetic (Ry)        Temperature (K)     Pressure (kbar)     
 -1828.106664        -1828.239483        0.132819            110.081262          1.623796            
 ------------------------------------------------------------------------------------------------
 -------------------------------------------
 STEP OF MOLECULAR DYNAMICS : 9
 -------------------------------------------
 DONE(1674.126824 SEC) : INIT SCF
 * * * * * *
 << Start SCF iteration.
 ITER       ETOT/eV          EDIFF/eV           DRHO       TIME/s
 GE1     -2.48746632e+04   0.00000000e+00   4.19765732e-05   9.42
 GE2     -2.48746632e+04   1.43245015e-06   2.30925431e-05   8.86
 GE3     -2.48746632e+04  -5.05236900e-07   8.35616073e-06   8.86
 GE4     -2.48746632e+04  -1.44748494e-08   4.94682214e-06   8.86
 GE5     -2.48746632e+04   2.12312228e-08   3.51820883e-06   8.86
 GE6     -2.48746632e+04   2.35142830e-08   1.71893757e-06   8.87
 GE7     -2.48746632e+04   8.46866857e-08   9.47368956e-07   8.75
 >> Leave SCF iteration.
 * * * * * *
----------------------------------------------------------------
 TOTAL-STRESS (KBAR)                                            
----------------------------------------------------------------
         1.9598581906        -0.0466090122        -0.0496235428 
        -0.0466090122         2.1224061764        -0.0033961983 
        -0.0496235428        -0.0033961983        -0.2547997648 
----------------------------------------------------------------
 TOTAL-PRESSURE: 1.275822 KBAR

 ------------------------------------------------------------------------------------------------
 Energy (Ry)         Potential (Ry)      Kinetic (Ry)        Temperature (K)     Pressure (kbar)     
 -1828.107086        -1828.253366        0.146280            121.237721          1.478825            
 ------------------------------------------------------------------------------------------------
 -------------------------------------------
 STEP OF MOLECULAR DYNAMICS : 10
 -------------------------------------------
 DONE(1834.859446 SEC) : INIT SCF
 * * * * * *
 << Start SCF iteration.
 ITER       ETOT/eV          EDIFF/eV           DRHO       TIME/s
 GE1     -2.48749342e+04   0.00000000e+00   5.10311299e-05   9.41
 GE2     -2.48749342e+04   2.06314090e-06   2.84064122e-05   8.90
 GE3     -2.48749342e+04  -7.39931162e-07   1.09627474e-05   8.91
 GE4     -2.48749342e+04  -3.77168976e-08   6.87500473e-06   8.90
 GE5     -2.48749342e+04   4.38143390e-08   4.23399409e-06   8.91
 GE6     -2.48749342e+04   2.92219336e-08   2.02306537e-06   8.91
 GE7     -2.48749342e+04   2.65398019e-08   1.12629625e-06   8.92
 GE8     -2.48749342e+04   8.96982814e-08   6.21141047e-07   8.79
 >> Leave SCF iteration.
 * * * * * *
----------------------------------------------------------------
 TOTAL-STRESS (KBAR)                                            
----------------------------------------------------------------
         1.6872574802         0.0327531862        -0.0644472185 
         0.0327531862         1.8935326849         0.0084332937 
        -0.0644472185         0.0084332937        -0.2854392428 
----------------------------------------------------------------
 TOTAL-PRESSURE: 1.098450 KBAR

 ------------------------------------------------------------------------------------------------
 Energy (Ry)         Potential (Ry)      Kinetic (Ry)        Temperature (K)     Pressure (kbar)     
 -1828.107538        -1828.273287        0.165748            137.372998          1.328471            
 ------------------------------------------------------------------------------------------------
 -------------------------------------------
 STEP OF MOLECULAR DYNAMICS : 11
 -------------------------------------------
 DONE(2004.464322 SEC) : INIT SCF
 * * * * * *
 << Start SCF iteration.
 ITER       ETOT/eV          EDIFF/eV           DRHO       TIME/s
 GE1     -2.48751899e+04   0.00000000e+00   5.92176791e-05   9.40
 GE2     -2.48751899e+04   3.22249931e-06   3.33988586e-05   8.83
 GE3     -2.48751899e+04  -1.04969108e-06   1.23723627e-05   8.85
 GE4     -2.48751899e+04   3.21020544e-08   8.05590066e-06   8.84
 GE5     -2.48751899e+04  -1.13781783e-08   5.11233297e-06   8.84
 GE6     -2.48751899e+04   2.62242570e-08   2.48029700e-06   8.84
 GE7     -2.48751899e+04   1.75096490e-08   1.38594307e-06   8.85
 GE8     -2.48751899e+04   3.75127215e-08   7.56362944e-07   8.72
 >> Leave SCF iteration.
 * * * * * *
----------------------------------------------------------------
 TOTAL-STRESS (KBAR)                                            
----------------------------------------------------------------
         1.4365069317         0.1140281345        -0.0820772649 
         0.1140281345         1.6943003424         0.0209208553 
        -0.0820772649         0.0209208553        -0.3081070162 
----------------------------------------------------------------
 TOTAL-PRESSURE: 0.940900 KBAR

 ------------------------------------------------------------------------------------------------
 Energy (Ry)         Potential (Ry)      Kinetic (Ry)        Temperature (K)     Pressure (kbar)     
 -1828.107910        -1828.292081        0.184171            152.641821          1.196487            
 ------------------------------------------------------------------------------------------------
 -------------------------------------------
 STEP OF MOLECULAR DYNAMICS : 12
 -------------------------------------------
 DONE(2173.371559 SEC) : INIT SCF
 * * * * * *
 << Start SCF iteration.
 ITER       ETOT/eV          EDIFF/eV           DRHO       TIME/s
 GE1     -2.48753499e+04   0.00000000e+00   6.38421450e-05   9.40
