 In SCAN_END, can't find: </PP_RELWFC.1> block.
 In SCAN_END, can't find: </PP_RELWFC.2> block.
 In SCAN_END, can't find: </PP_RELWFC.3> block.
 In SCAN_END, can't find: </PP_RELWFC.4> block.
 In SCAN_END, can't find: </PP_RELWFC.5> block.
 In SCAN_END, can't find: </PP_RELWFC.6> block.
 In SCAN_END, can't find: </PP_RELBETA.1> block.
 In SCAN_END, can't find: </PP_RELBETA.2> block.
 In SCAN_END, can't find: </PP_RELBETA.3> block.
 In SCAN_END, can't find: </PP_RELBETA.4> block.
 In SCAN_END, can't find: </PP_RELBETA.5> block.
 In SCAN_END, can't find: </PP_RELBETA.6> block.
 In SCAN_END, can't find: </PP_RELBETA.7> block.
 In SCAN_END, can't find: </PP_RELBETA.8> block.
 In SCAN_END, can't find: </PP_RELBETA.9> block.
 In SCAN_END, can't find: </PP_RELBETA.10> block.
 In SCAN_END, can't find: </PP_SPIN_ORB> block.
 In SCAN_END, can't find: </PP_RELWFC.1> block.
 In SCAN_END, can't find: </PP_RELWFC.2> block.
 In SCAN_END, can't find: </PP_RELWFC.3> block.
 In SCAN_END, can't find: </PP_RELBETA.1> block.
 In SCAN_END, can't find: </PP_RELBETA.2> block.
 In SCAN_END, can't find: </PP_RELBETA.3> block.
 In SCAN_END, can't find: </PP_RELBETA.4> block.
 In SCAN_END, can't find: </PP_RELBETA.5> block.
 In SCAN_END, can't find: </PP_RELBETA.6> block.
 In SCAN_END, can't find: </PP_SPIN_ORB> block.
 In SCAN_END, can't find: </PP_RELWFC.1> block.
 In SCAN_END, can't find: </PP_RELWFC.2> block.
 In SCAN_END, can't find: </PP_RELWFC.3> block.
 In SCAN_END, can't find: </PP_RELBETA.1> block.
 In SCAN_END, can't find: </PP_RELBETA.2> block.
 In SCAN_END, can't find: </PP_RELBETA.3> block.
 In SCAN_END, can't find: </PP_RELBETA.4> block.
 In SCAN_END, can't find: </PP_RELBETA.5> block.
 In SCAN_END, can't find: </PP_RELBETA.6> block.
 In SCAN_END, can't find: </PP_SPIN_ORB> block.
 AUTO_SET NBANDS to 0
 Auto generating k-points file: KPT
 AUTO_SET NBANDS to 314
 Grid_Technique::init_atoms_on_grid  warning : No atom on this sub-FFT-mesh.
      Processor           Atom
              1              0
              2             45
              3             45
              4              0
 Grid_Technique::init_atoms_on_grid2  warning : no atom on this sub FFT grid.
                            startmag_type = 2
                       charge from rho_at = 12
                         charge should be = 12
                            startmag_type = 2
                       charge from rho_at = 5
                         charge should be = 5
                            startmag_type = 2
                       charge from rho_at = 3
                         charge should be = 3
 Warning: negative or imaginary starting charge :  neg = -0.00245642 ima = 1.54963e-07 SPIN = 0

 SETUP ATOMIC RHO FOR SPIN 1
                 Electron number from rho = 521
           total electron number from rho = 521
                                should be = 521
                 charge before normalized = 521
                  charge after normalized = 521
                 charge before normalized = 521.000000923308
                  charge after normalized = 521.000000000032
                 charge before normalized = 521.00000000001
                  charge after normalized = 521
